[0.100s] DEBUG:colcon:Command line arguments: ['/usr/bin/colcon', 'build', '--packages-select', 'my_car_ws']
[0.100s] DEBUG:colcon:Parsed command line arguments: Namespace(log_base=None, log_level=None, verb_name='build', build_base='build', install_base='install', merge_install=False, symlink_install=False, test_result_base=None, continue_on_error=False, executor='parallel', parallel_workers=8, event_handlers=None, ignore_user_meta=False, metas=['./colcon.meta'], base_paths=['.'], packages_ignore=None, packages_ignore_regex=None, paths=None, packages_up_to=None, packages_up_to_regex=None, packages_above=None, packages_above_and_dependencies=None, packages_above_depth=None, packages_select_by_dep=None, packages_skip_by_dep=None, packages_skip_up_to=None, packages_select_build_failed=False, packages_skip_build_finished=False, packages_select_test_failures=False, packages_skip_test_passed=False, packages_select=['my_car_ws'], packages_skip=None, packages_select_regex=None, packages_skip_regex=None, packages_start=None, packages_end=None, allow_overriding=[], cmake_args=None, cmake_target=None, cmake_target_skip_unavailable=False, cmake_clean_cache=False, cmake_clean_first=False, cmake_force_configure=False, ament_cmake_args=None, catkin_cmake_args=None, catkin_skip_building_tests=False, mixin_files=None, mixin=None, verb_parser=<colcon_mixin.mixin.mixin_argument.MixinArgumentDecorator object at 0x7864b56f51e0>, verb_extension=<colcon_core.verb.build.BuildVerb object at 0x7864b56f4b80>, main=<bound method BuildVerb.main of <colcon_core.verb.build.BuildVerb object at 0x7864b56f4b80>>, mixin_verb=('build',))
[2.458s] Level 1:colcon.colcon_core.package_discovery:discover_packages(colcon_meta) check parameters
[2.458s] Level 1:colcon.colcon_core.package_discovery:discover_packages(recursive) check parameters
[2.458s] Level 1:colcon.colcon_core.package_discovery:discover_packages(ignore) check parameters
[2.458s] Level 1:colcon.colcon_core.package_discovery:discover_packages(path) check parameters
[2.458s] Level 1:colcon.colcon_core.package_discovery:discover_packages(colcon_meta) discover
[2.458s] Level 1:colcon.colcon_core.package_discovery:discover_packages(recursive) discover
[2.458s] INFO:colcon.colcon_core.package_discovery:Crawling recursively for packages in '/home/youssef/GP_Project'
[2.458s] Level 1:colcon.colcon_core.package_identification:_identify(.) by extensions ['ignore', 'ignore_ament_install']
[2.459s] Level 1:colcon.colcon_core.package_identification:_identify(.) by extension 'ignore'
[2.459s] Level 1:colcon.colcon_core.package_identification:_identify(.) by extension 'ignore_ament_install'
[2.459s] Level 1:colcon.colcon_core.package_identification:_identify(.) by extensions ['colcon_pkg']
[2.459s] Level 1:colcon.colcon_core.package_identification:_identify(.) by extension 'colcon_pkg'
[2.459s] Level 1:colcon.colcon_core.package_identification:_identify(.) by extensions ['colcon_meta']
[2.459s] Level 1:colcon.colcon_core.package_identification:_identify(.) by extension 'colcon_meta'
[2.459s] Level 1:colcon.colcon_core.package_identification:_identify(.) by extensions ['ros']
[2.459s] Level 1:colcon.colcon_core.package_identification:_identify(.) by extension 'ros'
[2.470s] Level 1:colcon.colcon_core.package_identification:_identify(.) by extensions ['cmake', 'python']
[2.470s] Level 1:colcon.colcon_core.package_identification:_identify(.) by extension 'cmake'
[2.470s] Level 1:colcon.colcon_core.package_identification:_identify(.) by extension 'python'
[2.470s] Level 1:colcon.colcon_core.package_identification:_identify(.) by extensions ['python_setup_py']
[2.470s] Level 1:colcon.colcon_core.package_identification:_identify(.) by extension 'python_setup_py'
[2.470s] Level 1:colcon.colcon_core.package_identification:_identify(build) by extensions ['ignore', 'ignore_ament_install']
[2.470s] Level 1:colcon.colcon_core.package_identification:_identify(build) by extension 'ignore'
[2.470s] Level 1:colcon.colcon_core.package_identification:_identify(build) ignored
[2.470s] Level 1:colcon.colcon_core.package_identification:_identify(install) by extensions ['ignore', 'ignore_ament_install']
[2.471s] Level 1:colcon.colcon_core.package_identification:_identify(install) by extension 'ignore'
[2.471s] Level 1:colcon.colcon_core.package_identification:_identify(install) ignored
[2.471s] Level 1:colcon.colcon_core.package_identification:_identify(log) by extensions ['ignore', 'ignore_ament_install']
[2.471s] Level 1:colcon.colcon_core.package_identification:_identify(log) by extension 'ignore'
[2.471s] Level 1:colcon.colcon_core.package_identification:_identify(log) ignored
[2.471s] Level 1:colcon.colcon_core.package_identification:_identify(src) by extensions ['ignore', 'ignore_ament_install']
[2.471s] Level 1:colcon.colcon_core.package_identification:_identify(src) by extension 'ignore'
[2.471s] Level 1:colcon.colcon_core.package_identification:_identify(src) by extension 'ignore_ament_install'
[2.471s] Level 1:colcon.colcon_core.package_identification:_identify(src) by extensions ['colcon_pkg']
[2.471s] Level 1:colcon.colcon_core.package_identification:_identify(src) by extension 'colcon_pkg'
[2.471s] Level 1:colcon.colcon_core.package_identification:_identify(src) by extensions ['colcon_meta']
[2.471s] Level 1:colcon.colcon_core.package_identification:_identify(src) by extension 'colcon_meta'
[2.471s] Level 1:colcon.colcon_core.package_identification:_identify(src) by extensions ['ros']
[2.471s] Level 1:colcon.colcon_core.package_identification:_identify(src) by extension 'ros'
[2.471s] Level 1:colcon.colcon_core.package_identification:_identify(src) by extensions ['cmake', 'python']
[2.471s] Level 1:colcon.colcon_core.package_identification:_identify(src) by extension 'cmake'
[2.471s] Level 1:colcon.colcon_core.package_identification:_identify(src) by extension 'python'
[2.471s] Level 1:colcon.colcon_core.package_identification:_identify(src) by extensions ['python_setup_py']
[2.471s] Level 1:colcon.colcon_core.package_identification:_identify(src) by extension 'python_setup_py'
[2.472s] Level 1:colcon.colcon_core.package_identification:_identify(src/my_car_ws) by extensions ['ignore', 'ignore_ament_install']
[2.472s] Level 1:colcon.colcon_core.package_identification:_identify(src/my_car_ws) by extension 'ignore'
[2.472s] Level 1:colcon.colcon_core.package_identification:_identify(src/my_car_ws) by extension 'ignore_ament_install'
[2.472s] Level 1:colcon.colcon_core.package_identification:_identify(src/my_car_ws) by extensions ['colcon_pkg']
[2.472s] Level 1:colcon.colcon_core.package_identification:_identify(src/my_car_ws) by extension 'colcon_pkg'
[2.472s] Level 1:colcon.colcon_core.package_identification:_identify(src/my_car_ws) by extensions ['colcon_meta']
[2.472s] Level 1:colcon.colcon_core.package_identification:_identify(src/my_car_ws) by extension 'colcon_meta'
[2.472s] Level 1:colcon.colcon_core.package_identification:_identify(src/my_car_ws) by extensions ['ros']
[2.472s] Level 1:colcon.colcon_core.package_identification:_identify(src/my_car_ws) by extension 'ros'
[2.591s] DEBUG:colcon.colcon_core.package_identification:Package 'src/my_car_ws' with type 'ros.ament_cmake' and name 'my_car_ws'
[2.591s] Level 1:colcon.colcon_core.package_discovery:discover_packages(recursive) using defaults
[2.591s] Level 1:colcon.colcon_core.package_discovery:discover_packages(ignore) discover
[2.592s] Level 1:colcon.colcon_core.package_discovery:discover_packages(ignore) using defaults
[2.592s] Level 1:colcon.colcon_core.package_discovery:discover_packages(path) discover
[2.592s] Level 1:colcon.colcon_core.package_discovery:discover_packages(path) using defaults
[2.649s] Level 1:colcon.colcon_core.package_discovery:discover_packages(prefix_path) check parameters
[2.649s] Level 1:colcon.colcon_core.package_discovery:discover_packages(prefix_path) discover
[2.753s] DEBUG:colcon.colcon_installed_package_information.package_discovery:Found 0 installed packages in /home/youssef/GP_Project/install
[2.755s] DEBUG:colcon.colcon_installed_package_information.package_discovery:Found 278 installed packages in /opt/ros/humble
[2.757s] Level 1:colcon.colcon_core.package_discovery:discover_packages(prefix_path) using defaults
[2.830s] Level 5:colcon.colcon_core.verb:set package 'my_car_ws' build argument 'cmake_args' from command line to 'None'
[2.830s] Level 5:colcon.colcon_core.verb:set package 'my_car_ws' build argument 'cmake_target' from command line to 'None'
[2.830s] Level 5:colcon.colcon_core.verb:set package 'my_car_ws' build argument 'cmake_target_skip_unavailable' from command line to 'False'
[2.830s] Level 5:colcon.colcon_core.verb:set package 'my_car_ws' build argument 'cmake_clean_cache' from command line to 'False'
[2.830s] Level 5:colcon.colcon_core.verb:set package 'my_car_ws' build argument 'cmake_clean_first' from command line to 'False'
[2.830s] Level 5:colcon.colcon_core.verb:set package 'my_car_ws' build argument 'cmake_force_configure' from command line to 'False'
[2.830s] Level 5:colcon.colcon_core.verb:set package 'my_car_ws' build argument 'ament_cmake_args' from command line to 'None'
[2.830s] Level 5:colcon.colcon_core.verb:set package 'my_car_ws' build argument 'catkin_cmake_args' from command line to 'None'
[2.830s] Level 5:colcon.colcon_core.verb:set package 'my_car_ws' build argument 'catkin_skip_building_tests' from command line to 'False'
[2.830s] DEBUG:colcon.colcon_core.verb:Building package 'my_car_ws' with the following arguments: {'ament_cmake_args': None, 'build_base': '/home/youssef/GP_Project/build/my_car_ws', 'catkin_cmake_args': None, 'catkin_skip_building_tests': False, 'cmake_args': None, 'cmake_clean_cache': False, 'cmake_clean_first': False, 'cmake_force_configure': False, 'cmake_target': None, 'cmake_target_skip_unavailable': False, 'install_base': '/home/youssef/GP_Project/install/my_car_ws', 'merge_install': False, 'path': '/home/youssef/GP_Project/src/my_car_ws', 'symlink_install': False, 'test_result_base': None}
[2.830s] INFO:colcon.colcon_core.executor:Executing jobs using 'parallel' executor
[2.831s] DEBUG:colcon.colcon_parallel_executor.executor.parallel:run_until_complete
[2.831s] INFO:colcon.colcon_ros.task.ament_cmake.build:Building ROS package in '/home/youssef/GP_Project/src/my_car_ws' with build type 'ament_cmake'
[2.831s] INFO:colcon.colcon_cmake.task.cmake.build:Building CMake package in '/home/youssef/GP_Project/src/my_car_ws'
[2.833s] INFO:colcon.colcon_core.plugin_system:Skipping extension 'colcon_core.shell.bat': Not used on non-Windows systems
[2.833s] INFO:colcon.colcon_core.shell:Skip shell extension 'powershell' for command environment: Not usable outside of PowerShell
[2.833s] DEBUG:colcon.colcon_core.shell:Skip shell extension 'dsv' for command environment
[2.846s] DEBUG:colcon.colcon_core.event_handler.log_command:Invoking command in '/home/youssef/GP_Project/build/my_car_ws': CMAKE_PREFIX_PATH=/opt/ros/humble /usr/bin/cmake /home/youssef/GP_Project/src/my_car_ws -DCMAKE_INSTALL_PREFIX=/home/youssef/GP_Project/install/my_car_ws
[10.608s] DEBUG:colcon.colcon_core.event_handler.log_command:Invoked command in '/home/youssef/GP_Project/build/my_car_ws' returned '0': CMAKE_PREFIX_PATH=/opt/ros/humble /usr/bin/cmake /home/youssef/GP_Project/src/my_car_ws -DCMAKE_INSTALL_PREFIX=/home/youssef/GP_Project/install/my_car_ws
[10.610s] DEBUG:colcon.colcon_core.event_handler.log_command:Invoking command in '/home/youssef/GP_Project/build/my_car_ws': CMAKE_PREFIX_PATH=/opt/ros/humble /usr/bin/cmake --build /home/youssef/GP_Project/build/my_car_ws -- -j8 -l8
[10.643s] DEBUG:colcon.colcon_core.event_handler.log_command:Invoked command in '/home/youssef/GP_Project/build/my_car_ws' returned '0': CMAKE_PREFIX_PATH=/opt/ros/humble /usr/bin/cmake --build /home/youssef/GP_Project/build/my_car_ws -- -j8 -l8
[10.651s] DEBUG:colcon.colcon_core.event_handler.log_command:Invoking command in '/home/youssef/GP_Project/build/my_car_ws': CMAKE_PREFIX_PATH=/opt/ros/humble /usr/bin/cmake --install /home/youssef/GP_Project/build/my_car_ws
[10.660s] Level 1:colcon.colcon_core.environment:create_environment_scripts_only(my_car_ws)
[10.661s] DEBUG:colcon.colcon_core.event_handler.log_command:Invoked command in '/home/youssef/GP_Project/build/my_car_ws' returned '0': CMAKE_PREFIX_PATH=/opt/ros/humble /usr/bin/cmake --install /home/youssef/GP_Project/build/my_car_ws
[10.870s] Level 1:colcon.colcon_core.environment:checking '/home/youssef/GP_Project/install/my_car_ws' for CMake module files
[10.870s] Level 1:colcon.colcon_core.environment:checking '/home/youssef/GP_Project/install/my_car_ws' for CMake config files
[10.871s] Level 1:colcon.colcon_core.shell:create_environment_hook('my_car_ws', 'cmake_prefix_path')
[10.871s] INFO:colcon.colcon_core.shell:Creating environment hook '/home/youssef/GP_Project/install/my_car_ws/share/my_car_ws/hook/cmake_prefix_path.ps1'
[10.877s] INFO:colcon.colcon_core.shell:Creating environment descriptor '/home/youssef/GP_Project/install/my_car_ws/share/my_car_ws/hook/cmake_prefix_path.dsv'
[10.886s] INFO:colcon.colcon_core.shell:Creating environment hook '/home/youssef/GP_Project/install/my_car_ws/share/my_car_ws/hook/cmake_prefix_path.sh'
[10.889s] Level 1:colcon.colcon_core.environment:checking '/home/youssef/GP_Project/install/my_car_ws/bin'
[10.889s] Level 1:colcon.colcon_core.environment:checking '/home/youssef/GP_Project/install/my_car_ws/lib/pkgconfig/my_car_ws.pc'
[10.890s] Level 1:colcon.colcon_core.environment:checking '/home/youssef/GP_Project/install/my_car_ws/lib/python3.10/site-packages'
[10.891s] Level 1:colcon.colcon_core.environment:checking '/home/youssef/GP_Project/install/my_car_ws/bin'
[10.892s] INFO:colcon.colcon_core.shell:Creating package script '/home/youssef/GP_Project/install/my_car_ws/share/my_car_ws/package.ps1'
[10.896s] INFO:colcon.colcon_core.shell:Creating package descriptor '/home/youssef/GP_Project/install/my_car_ws/share/my_car_ws/package.dsv'
[10.898s] INFO:colcon.colcon_core.shell:Creating package script '/home/youssef/GP_Project/install/my_car_ws/share/my_car_ws/package.sh'
[10.901s] INFO:colcon.colcon_core.shell:Creating package script '/home/youssef/GP_Project/install/my_car_ws/share/my_car_ws/package.bash'
[10.912s] INFO:colcon.colcon_core.shell:Creating package script '/home/youssef/GP_Project/install/my_car_ws/share/my_car_ws/package.zsh'
[10.926s] Level 1:colcon.colcon_core.environment:create_file_with_runtime_dependencies(/home/youssef/GP_Project/install/my_car_ws/share/colcon-core/packages/my_car_ws)
[10.927s] Level 1:colcon.colcon_core.environment:create_environment_scripts_only(my_car_ws)
[10.927s] Level 1:colcon.colcon_core.environment:checking '/home/youssef/GP_Project/install/my_car_ws' for CMake module files
[10.928s] Level 1:colcon.colcon_core.environment:checking '/home/youssef/GP_Project/install/my_car_ws' for CMake config files
[10.928s] Level 1:colcon.colcon_core.shell:create_environment_hook('my_car_ws', 'cmake_prefix_path')
[10.928s] INFO:colcon.colcon_core.shell:Creating environment hook '/home/youssef/GP_Project/install/my_car_ws/share/my_car_ws/hook/cmake_prefix_path.ps1'
[10.929s] INFO:colcon.colcon_core.shell:Creating environment descriptor '/home/youssef/GP_Project/install/my_car_ws/share/my_car_ws/hook/cmake_prefix_path.dsv'
[10.929s] INFO:colcon.colcon_core.shell:Creating environment hook '/home/youssef/GP_Project/install/my_car_ws/share/my_car_ws/hook/cmake_prefix_path.sh'
[10.929s] Level 1:colcon.colcon_core.environment:checking '/home/youssef/GP_Project/install/my_car_ws/bin'
[10.929s] Level 1:colcon.colcon_core.environment:checking '/home/youssef/GP_Project/install/my_car_ws/lib/pkgconfig/my_car_ws.pc'
[10.930s] Level 1:colcon.colcon_core.environment:checking '/home/youssef/GP_Project/install/my_car_ws/lib/python3.10/site-packages'
[10.930s] Level 1:colcon.colcon_core.environment:checking '/home/youssef/GP_Project/install/my_car_ws/bin'
[10.930s] INFO:colcon.colcon_core.shell:Creating package script '/home/youssef/GP_Project/install/my_car_ws/share/my_car_ws/package.ps1'
[10.930s] INFO:colcon.colcon_core.shell:Creating package descriptor '/home/youssef/GP_Project/install/my_car_ws/share/my_car_ws/package.dsv'
[10.931s] INFO:colcon.colcon_core.shell:Creating package script '/home/youssef/GP_Project/install/my_car_ws/share/my_car_ws/package.sh'
[10.932s] INFO:colcon.colcon_core.shell:Creating package script '/home/youssef/GP_Project/install/my_car_ws/share/my_car_ws/package.bash'
[10.932s] INFO:colcon.colcon_core.shell:Creating package script '/home/youssef/GP_Project/install/my_car_ws/share/my_car_ws/package.zsh'
[10.932s] Level 1:colcon.colcon_core.environment:create_file_with_runtime_dependencies(/home/youssef/GP_Project/install/my_car_ws/share/colcon-core/packages/my_car_ws)
[10.933s] DEBUG:colcon.colcon_parallel_executor.executor.parallel:closing loop
[10.933s] DEBUG:colcon.colcon_parallel_executor.executor.parallel:loop closed
[10.933s] DEBUG:colcon.colcon_parallel_executor.executor.parallel:run_until_complete finished with '0'
[10.933s] DEBUG:colcon.colcon_core.event_reactor:joining thread
[10.937s] INFO:colcon.colcon_core.plugin_system:Skipping extension 'colcon_notification.desktop_notification.terminal_notifier': Not used on non-Darwin systems
[10.937s] INFO:colcon.colcon_core.plugin_system:Skipping extension 'colcon_notification.desktop_notification.win32': Not used on non-Windows systems
[10.938s] INFO:colcon.colcon_notification.desktop_notification:Sending desktop notification using 'notify2'
[10.949s] DEBUG:colcon.colcon_core.event_reactor:joined thread
[10.950s] INFO:colcon.colcon_core.shell:Creating prefix script '/home/youssef/GP_Project/install/local_setup.ps1'
[10.951s] INFO:colcon.colcon_core.shell:Creating prefix util module '/home/youssef/GP_Project/install/_local_setup_util_ps1.py'
[10.952s] INFO:colcon.colcon_core.shell:Creating prefix chain script '/home/youssef/GP_Project/install/setup.ps1'
[10.953s] INFO:colcon.colcon_core.shell:Creating prefix script '/home/youssef/GP_Project/install/local_setup.sh'
[10.954s] INFO:colcon.colcon_core.shell:Creating prefix util module '/home/youssef/GP_Project/install/_local_setup_util_sh.py'
[10.955s] INFO:colcon.colcon_core.shell:Creating prefix chain script '/home/youssef/GP_Project/install/setup.sh'
[10.955s] INFO:colcon.colcon_core.shell:Creating prefix script '/home/youssef/GP_Project/install/local_setup.bash'
[10.956s] INFO:colcon.colcon_core.shell:Creating prefix chain script '/home/youssef/GP_Project/install/setup.bash'
[10.957s] INFO:colcon.colcon_core.shell:Creating prefix script '/home/youssef/GP_Project/install/local_setup.zsh'
[10.957s] INFO:colcon.colcon_core.shell:Creating prefix chain script '/home/youssef/GP_Project/install/setup.zsh'
