[4.140s] DEBUG:colcon:Command line arguments: ['/usr/bin/colcon', 'build']
[4.141s] DEBUG:colcon:Parsed command line arguments: Namespace(log_base=None, log_level=None, verb_name='build', build_base='build', install_base='install', merge_install=False, symlink_install=False, test_result_base=None, continue_on_error=False, executor='parallel', parallel_workers=8, event_handlers=None, ignore_user_meta=False, metas=['./colcon.meta'], base_paths=['.'], packages_ignore=None, packages_ignore_regex=None, paths=None, packages_up_to=None, packages_up_to_regex=None, packages_above=None, packages_above_and_dependencies=None, packages_above_depth=None, packages_select_by_dep=None, packages_skip_by_dep=None, packages_skip_up_to=None, packages_select_build_failed=False, packages_skip_build_finished=False, packages_select_test_failures=False, packages_skip_test_passed=False, packages_select=None, packages_skip=None, packages_select_regex=None, packages_skip_regex=None, packages_start=None, packages_end=None, allow_overriding=[], cmake_args=None, cmake_target=None, cmake_target_skip_unavailable=False, cmake_clean_cache=False, cmake_clean_first=False, cmake_force_configure=False, ament_cmake_args=None, catkin_cmake_args=None, catkin_skip_building_tests=False, mixin_files=None, mixin=None, verb_parser=<colcon_mixin.mixin.mixin_argument.MixinArgumentDecorator object at 0x75e1d8a19450>, verb_extension=<colcon_core.verb.build.BuildVerb object at 0x75e1d8a18df0>, main=<bound method BuildVerb.main of <colcon_core.verb.build.BuildVerb object at 0x75e1d8a18df0>>, mixin_verb=('build',))
[10.900s] Level 1:colcon.colcon_core.package_discovery:discover_packages(colcon_meta) check parameters
[10.901s] Level 1:colcon.colcon_core.package_discovery:discover_packages(recursive) check parameters
[10.901s] Level 1:colcon.colcon_core.package_discovery:discover_packages(ignore) check parameters
[10.901s] Level 1:colcon.colcon_core.package_discovery:discover_packages(path) check parameters
[10.901s] Level 1:colcon.colcon_core.package_discovery:discover_packages(colcon_meta) discover
[10.902s] Level 1:colcon.colcon_core.package_discovery:discover_packages(recursive) discover
[10.902s] INFO:colcon.colcon_core.package_discovery:Crawling recursively for packages in '/home/youssef/GP_Project'
[10.902s] Level 1:colcon.colcon_core.package_identification:_identify(.) by extensions ['ignore', 'ignore_ament_install']
[10.902s] Level 1:colcon.colcon_core.package_identification:_identify(.) by extension 'ignore'
[10.903s] Level 1:colcon.colcon_core.package_identification:_identify(.) by extension 'ignore_ament_install'
[10.903s] Level 1:colcon.colcon_core.package_identification:_identify(.) by extensions ['colcon_pkg']
[10.903s] Level 1:colcon.colcon_core.package_identification:_identify(.) by extension 'colcon_pkg'
[10.903s] Level 1:colcon.colcon_core.package_identification:_identify(.) by extensions ['colcon_meta']
[10.903s] Level 1:colcon.colcon_core.package_identification:_identify(.) by extension 'colcon_meta'
[10.903s] Level 1:colcon.colcon_core.package_identification:_identify(.) by extensions ['ros']
[10.904s] Level 1:colcon.colcon_core.package_identification:_identify(.) by extension 'ros'
[10.996s] Level 1:colcon.colcon_core.package_identification:_identify(.) by extensions ['cmake', 'python']
[10.997s] Level 1:colcon.colcon_core.package_identification:_identify(.) by extension 'cmake'
[10.997s] Level 1:colcon.colcon_core.package_identification:_identify(.) by extension 'python'
[10.997s] Level 1:colcon.colcon_core.package_identification:_identify(.) by extensions ['python_setup_py']
[10.997s] Level 1:colcon.colcon_core.package_identification:_identify(.) by extension 'python_setup_py'
[10.998s] Level 1:colcon.colcon_core.package_identification:_identify(build) by extensions ['ignore', 'ignore_ament_install']
[10.998s] Level 1:colcon.colcon_core.package_identification:_identify(build) by extension 'ignore'
[10.998s] Level 1:colcon.colcon_core.package_identification:_identify(build) ignored
[10.999s] Level 1:colcon.colcon_core.package_identification:_identify(install) by extensions ['ignore', 'ignore_ament_install']
[10.999s] Level 1:colcon.colcon_core.package_identification:_identify(install) by extension 'ignore'
[10.999s] Level 1:colcon.colcon_core.package_identification:_identify(install) ignored
[11.000s] Level 1:colcon.colcon_core.package_identification:_identify(log) by extensions ['ignore', 'ignore_ament_install']
[11.000s] Level 1:colcon.colcon_core.package_identification:_identify(log) by extension 'ignore'
[11.000s] Level 1:colcon.colcon_core.package_identification:_identify(log) ignored
[11.000s] Level 1:colcon.colcon_core.package_identification:_identify(src) by extensions ['ignore', 'ignore_ament_install']
[11.001s] Level 1:colcon.colcon_core.package_identification:_identify(src) by extension 'ignore'
[11.001s] Level 1:colcon.colcon_core.package_identification:_identify(src) by extension 'ignore_ament_install'
[11.001s] Level 1:colcon.colcon_core.package_identification:_identify(src) by extensions ['colcon_pkg']
[11.001s] Level 1:colcon.colcon_core.package_identification:_identify(src) by extension 'colcon_pkg'
[11.001s] Level 1:colcon.colcon_core.package_identification:_identify(src) by extensions ['colcon_meta']
[11.002s] Level 1:colcon.colcon_core.package_identification:_identify(src) by extension 'colcon_meta'
[11.002s] Level 1:colcon.colcon_core.package_identification:_identify(src) by extensions ['ros']
[11.002s] Level 1:colcon.colcon_core.package_identification:_identify(src) by extension 'ros'
[11.002s] Level 1:colcon.colcon_core.package_identification:_identify(src) by extensions ['cmake', 'python']
[11.002s] Level 1:colcon.colcon_core.package_identification:_identify(src) by extension 'cmake'
[11.002s] Level 1:colcon.colcon_core.package_identification:_identify(src) by extension 'python'
[11.003s] Level 1:colcon.colcon_core.package_identification:_identify(src) by extensions ['python_setup_py']
[11.003s] Level 1:colcon.colcon_core.package_identification:_identify(src) by extension 'python_setup_py'
[11.003s] Level 1:colcon.colcon_core.package_identification:_identify(src/my_car_ws) by extensions ['ignore', 'ignore_ament_install']
[11.003s] Level 1:colcon.colcon_core.package_identification:_identify(src/my_car_ws) by extension 'ignore'
[11.003s] Level 1:colcon.colcon_core.package_identification:_identify(src/my_car_ws) by extension 'ignore_ament_install'
[11.003s] Level 1:colcon.colcon_core.package_identification:_identify(src/my_car_ws) by extensions ['colcon_pkg']
[11.003s] Level 1:colcon.colcon_core.package_identification:_identify(src/my_car_ws) by extension 'colcon_pkg'
[11.004s] Level 1:colcon.colcon_core.package_identification:_identify(src/my_car_ws) by extensions ['colcon_meta']
[11.004s] Level 1:colcon.colcon_core.package_identification:_identify(src/my_car_ws) by extension 'colcon_meta'
[11.004s] Level 1:colcon.colcon_core.package_identification:_identify(src/my_car_ws) by extensions ['ros']
[11.004s] Level 1:colcon.colcon_core.package_identification:_identify(src/my_car_ws) by extension 'ros'
[11.063s] DEBUG:colcon.colcon_core.package_identification:Package 'src/my_car_ws' with type 'ros.ament_cmake' and name 'my_car_ws'
[11.063s] Level 1:colcon.colcon_core.package_discovery:discover_packages(recursive) using defaults
[11.064s] Level 1:colcon.colcon_core.package_discovery:discover_packages(ignore) discover
[11.064s] Level 1:colcon.colcon_core.package_discovery:discover_packages(ignore) using defaults
[11.064s] Level 1:colcon.colcon_core.package_discovery:discover_packages(path) discover
[11.064s] Level 1:colcon.colcon_core.package_discovery:discover_packages(path) using defaults
[11.447s] Level 1:colcon.colcon_core.package_discovery:discover_packages(prefix_path) check parameters
[11.447s] Level 1:colcon.colcon_core.package_discovery:discover_packages(prefix_path) discover
[11.552s] DEBUG:colcon.colcon_installed_package_information.package_discovery:Found 1 installed packages in /home/youssef/GP_Project/install
[11.557s] DEBUG:colcon.colcon_installed_package_information.package_discovery:Found 288 installed packages in /opt/ros/humble
[11.562s] Level 1:colcon.colcon_core.package_discovery:discover_packages(prefix_path) using defaults
[11.809s] Level 5:colcon.colcon_core.verb:set package 'my_car_ws' build argument 'cmake_args' from command line to 'None'
[11.809s] Level 5:colcon.colcon_core.verb:set package 'my_car_ws' build argument 'cmake_target' from command line to 'None'
[11.809s] Level 5:colcon.colcon_core.verb:set package 'my_car_ws' build argument 'cmake_target_skip_unavailable' from command line to 'False'
[11.809s] Level 5:colcon.colcon_core.verb:set package 'my_car_ws' build argument 'cmake_clean_cache' from command line to 'False'
[11.809s] Level 5:colcon.colcon_core.verb:set package 'my_car_ws' build argument 'cmake_clean_first' from command line to 'False'
[11.809s] Level 5:colcon.colcon_core.verb:set package 'my_car_ws' build argument 'cmake_force_configure' from command line to 'False'
[11.809s] Level 5:colcon.colcon_core.verb:set package 'my_car_ws' build argument 'ament_cmake_args' from command line to 'None'
[11.809s] Level 5:colcon.colcon_core.verb:set package 'my_car_ws' build argument 'catkin_cmake_args' from command line to 'None'
[11.809s] Level 5:colcon.colcon_core.verb:set package 'my_car_ws' build argument 'catkin_skip_building_tests' from command line to 'False'
[11.809s] DEBUG:colcon.colcon_core.verb:Building package 'my_car_ws' with the following arguments: {'ament_cmake_args': None, 'build_base': '/home/youssef/GP_Project/build/my_car_ws', 'catkin_cmake_args': None, 'catkin_skip_building_tests': False, 'cmake_args': None, 'cmake_clean_cache': False, 'cmake_clean_first': False, 'cmake_force_configure': False, 'cmake_target': None, 'cmake_target_skip_unavailable': False, 'install_base': '/home/youssef/GP_Project/install/my_car_ws', 'merge_install': False, 'path': '/home/youssef/GP_Project/src/my_car_ws', 'symlink_install': False, 'test_result_base': None}
[11.809s] INFO:colcon.colcon_core.executor:Executing jobs using 'parallel' executor
[11.810s] DEBUG:colcon.colcon_parallel_executor.executor.parallel:run_until_complete
[11.811s] INFO:colcon.colcon_ros.task.ament_cmake.build:Building ROS package in '/home/youssef/GP_Project/src/my_car_ws' with build type 'ament_cmake'
[11.811s] INFO:colcon.colcon_cmake.task.cmake.build:Building CMake package in '/home/youssef/GP_Project/src/my_car_ws'
[11.848s] INFO:colcon.colcon_core.plugin_system:Skipping extension 'colcon_core.shell.bat': Not used on non-Windows systems
[11.848s] INFO:colcon.colcon_core.shell:Skip shell extension 'powershell' for command environment: Not usable outside of PowerShell
[11.849s] DEBUG:colcon.colcon_core.shell:Skip shell extension 'dsv' for command environment
[11.942s] DEBUG:colcon.colcon_core.event_handler.log_command:Invoking command in '/home/youssef/GP_Project/build/my_car_ws': CMAKE_PREFIX_PATH=${CMAKE_PREFIX_PATH}:/opt/ros/humble /usr/bin/cmake --build /home/youssef/GP_Project/build/my_car_ws -- -j8 -l8
[13.236s] DEBUG:colcon.colcon_core.event_handler.log_command:Invoked command in '/home/youssef/GP_Project/build/my_car_ws' returned '0': CMAKE_PREFIX_PATH=${CMAKE_PREFIX_PATH}:/opt/ros/humble /usr/bin/cmake --build /home/youssef/GP_Project/build/my_car_ws -- -j8 -l8
[13.331s] DEBUG:colcon.colcon_core.event_handler.log_command:Invoking command in '/home/youssef/GP_Project/build/my_car_ws': CMAKE_PREFIX_PATH=${CMAKE_PREFIX_PATH}:/opt/ros/humble /usr/bin/cmake --install /home/youssef/GP_Project/build/my_car_ws
[13.685s] Level 1:colcon.colcon_core.environment:create_environment_scripts_only(my_car_ws)
[13.686s] DEBUG:colcon.colcon_core.event_handler.log_command:Invoked command in '/home/youssef/GP_Project/build/my_car_ws' returned '0': CMAKE_PREFIX_PATH=${CMAKE_PREFIX_PATH}:/opt/ros/humble /usr/bin/cmake --install /home/youssef/GP_Project/build/my_car_ws
[13.741s] Level 1:colcon.colcon_core.environment:checking '/home/youssef/GP_Project/install/my_car_ws' for CMake module files
[13.743s] Level 1:colcon.colcon_core.environment:checking '/home/youssef/GP_Project/install/my_car_ws' for CMake config files
[13.798s] Level 1:colcon.colcon_core.shell:create_environment_hook('my_car_ws', 'cmake_prefix_path')
[13.799s] INFO:colcon.colcon_core.shell:Creating environment hook '/home/youssef/GP_Project/install/my_car_ws/share/my_car_ws/hook/cmake_prefix_path.ps1'
[13.817s] INFO:colcon.colcon_core.shell:Creating environment descriptor '/home/youssef/GP_Project/install/my_car_ws/share/my_car_ws/hook/cmake_prefix_path.dsv'
[13.820s] INFO:colcon.colcon_core.shell:Creating environment hook '/home/youssef/GP_Project/install/my_car_ws/share/my_car_ws/hook/cmake_prefix_path.sh'
[13.823s] Level 1:colcon.colcon_core.environment:checking '/home/youssef/GP_Project/install/my_car_ws/bin'
[13.824s] Level 1:colcon.colcon_core.environment:checking '/home/youssef/GP_Project/install/my_car_ws/lib/pkgconfig/my_car_ws.pc'
[13.824s] Level 1:colcon.colcon_core.environment:checking '/home/youssef/GP_Project/install/my_car_ws/lib/python3.10/site-packages'
[13.825s] Level 1:colcon.colcon_core.environment:checking '/home/youssef/GP_Project/install/my_car_ws/bin'
[13.826s] INFO:colcon.colcon_core.shell:Creating package script '/home/youssef/GP_Project/install/my_car_ws/share/my_car_ws/package.ps1'
[13.829s] INFO:colcon.colcon_core.shell:Creating package descriptor '/home/youssef/GP_Project/install/my_car_ws/share/my_car_ws/package.dsv'
[13.832s] INFO:colcon.colcon_core.shell:Creating package script '/home/youssef/GP_Project/install/my_car_ws/share/my_car_ws/package.sh'
[13.834s] INFO:colcon.colcon_core.shell:Creating package script '/home/youssef/GP_Project/install/my_car_ws/share/my_car_ws/package.bash'
[13.842s] INFO:colcon.colcon_core.shell:Creating package script '/home/youssef/GP_Project/install/my_car_ws/share/my_car_ws/package.zsh'
[13.856s] Level 1:colcon.colcon_core.environment:create_file_with_runtime_dependencies(/home/youssef/GP_Project/install/my_car_ws/share/colcon-core/packages/my_car_ws)
[13.859s] Level 1:colcon.colcon_core.environment:create_environment_scripts_only(my_car_ws)
[13.859s] Level 1:colcon.colcon_core.environment:checking '/home/youssef/GP_Project/install/my_car_ws' for CMake module files
[13.861s] Level 1:colcon.colcon_core.environment:checking '/home/youssef/GP_Project/install/my_car_ws' for CMake config files
[13.862s] Level 1:colcon.colcon_core.shell:create_environment_hook('my_car_ws', 'cmake_prefix_path')
[13.863s] INFO:colcon.colcon_core.shell:Creating environment hook '/home/youssef/GP_Project/install/my_car_ws/share/my_car_ws/hook/cmake_prefix_path.ps1'
[13.865s] INFO:colcon.colcon_core.shell:Creating environment descriptor '/home/youssef/GP_Project/install/my_car_ws/share/my_car_ws/hook/cmake_prefix_path.dsv'
[13.866s] INFO:colcon.colcon_core.shell:Creating environment hook '/home/youssef/GP_Project/install/my_car_ws/share/my_car_ws/hook/cmake_prefix_path.sh'
[13.868s] Level 1:colcon.colcon_core.environment:checking '/home/youssef/GP_Project/install/my_car_ws/bin'
[13.868s] Level 1:colcon.colcon_core.environment:checking '/home/youssef/GP_Project/install/my_car_ws/lib/pkgconfig/my_car_ws.pc'
[13.869s] Level 1:colcon.colcon_core.environment:checking '/home/youssef/GP_Project/install/my_car_ws/lib/python3.10/site-packages'
[13.870s] Level 1:colcon.colcon_core.environment:checking '/home/youssef/GP_Project/install/my_car_ws/bin'
[13.871s] INFO:colcon.colcon_core.shell:Creating package script '/home/youssef/GP_Project/install/my_car_ws/share/my_car_ws/package.ps1'
[13.872s] INFO:colcon.colcon_core.shell:Creating package descriptor '/home/youssef/GP_Project/install/my_car_ws/share/my_car_ws/package.dsv'
[13.874s] INFO:colcon.colcon_core.shell:Creating package script '/home/youssef/GP_Project/install/my_car_ws/share/my_car_ws/package.sh'
[13.875s] INFO:colcon.colcon_core.shell:Creating package script '/home/youssef/GP_Project/install/my_car_ws/share/my_car_ws/package.bash'
[13.877s] INFO:colcon.colcon_core.shell:Creating package script '/home/youssef/GP_Project/install/my_car_ws/share/my_car_ws/package.zsh'
[13.878s] Level 1:colcon.colcon_core.environment:create_file_with_runtime_dependencies(/home/youssef/GP_Project/install/my_car_ws/share/colcon-core/packages/my_car_ws)
[13.879s] DEBUG:colcon.colcon_parallel_executor.executor.parallel:closing loop
[13.880s] DEBUG:colcon.colcon_parallel_executor.executor.parallel:loop closed
[13.880s] DEBUG:colcon.colcon_parallel_executor.executor.parallel:run_until_complete finished with '0'
[13.880s] DEBUG:colcon.colcon_core.event_reactor:joining thread
[13.962s] INFO:colcon.colcon_core.plugin_system:Skipping extension 'colcon_notification.desktop_notification.terminal_notifier': Not used on non-Darwin systems
[13.962s] INFO:colcon.colcon_core.plugin_system:Skipping extension 'colcon_notification.desktop_notification.win32': Not used on non-Windows systems
[13.963s] INFO:colcon.colcon_notification.desktop_notification:Sending desktop notification using 'notify2'
[13.976s] DEBUG:colcon.colcon_core.event_reactor:joined thread
[13.976s] INFO:colcon.colcon_core.shell:Creating prefix script '/home/youssef/GP_Project/install/local_setup.ps1'
[13.978s] INFO:colcon.colcon_core.shell:Creating prefix util module '/home/youssef/GP_Project/install/_local_setup_util_ps1.py'
[13.980s] INFO:colcon.colcon_core.shell:Creating prefix chain script '/home/youssef/GP_Project/install/setup.ps1'
[13.983s] INFO:colcon.colcon_core.shell:Creating prefix script '/home/youssef/GP_Project/install/local_setup.sh'
[13.985s] INFO:colcon.colcon_core.shell:Creating prefix util module '/home/youssef/GP_Project/install/_local_setup_util_sh.py'
[13.985s] INFO:colcon.colcon_core.shell:Creating prefix chain script '/home/youssef/GP_Project/install/setup.sh'
[13.987s] INFO:colcon.colcon_core.shell:Creating prefix script '/home/youssef/GP_Project/install/local_setup.bash'
[13.988s] INFO:colcon.colcon_core.shell:Creating prefix chain script '/home/youssef/GP_Project/install/setup.bash'
[13.990s] INFO:colcon.colcon_core.shell:Creating prefix script '/home/youssef/GP_Project/install/local_setup.zsh'
[13.991s] INFO:colcon.colcon_core.shell:Creating prefix chain script '/home/youssef/GP_Project/install/setup.zsh'
