-- Found ament_cmake: 1.3.11 (/opt/ros/humble/share/ament_cmake/cmake)
-- Override CMake install command with custom implementation using symlinks instead of copying resources
-- Found rclcpp: 16.0.12 (/opt/ros/humble/share/rclcpp/cmake)
-- Found rosidl_generator_c: 3.1.6 (/opt/ros/humble/share/rosidl_generator_c/cmake)
-- Found rosidl_adapter: 3.1.6 (/opt/ros/humble/share/rosidl_adapter/cmake)
-- Found rosidl_generator_cpp: 3.1.6 (/opt/ros/humble/share/rosidl_generator_cpp/cmake)
-- Using all available rosidl_typesupport_c: rosidl_typesupport_fastrtps_c;rosidl_typesupport_introspection_c
-- Using all available rosidl_typesupport_cpp: rosidl_typesupport_fastrtps_cpp;rosidl_typesupport_introspection_cpp
-- Found rmw_implementation_cmake: 6.1.2 (/opt/ros/humble/share/rmw_implementation_cmake/cmake)
-- Found rmw_fastrtps_cpp: 6.2.7 (/opt/ros/humble/share/rmw_fastrtps_cpp/cmake)
-- Using RMW implementation 'rmw_fastrtps_cpp' as default
-- Found ament_lint_auto: 0.12.12 (/opt/ros/humble/share/ament_lint_auto/cmake)
-- Added test 'flake8' to check Python code syntax and style conventions
-- Added test 'lint_cmake' to check CMake code style
-- Added test 'pep257' to check Python code against some of the docstring style conventions in PEP 257
-- Added test 'xmllint' to check XML markup files
-- Configuring done
-- Generating done
-- Build files have been written to: /home/youssef/GP_Project/build/my_car_ws
-- Install configuration: ""
-- Execute custom install script
-- Up-to-date symlink: /home/youssef/GP_Project/install/my_car_ws/share/my_car_ws//launch/lidar.launch.py
-- Up-to-date symlink: /home/youssef/GP_Project/install/my_car_ws/share/my_car_ws//launch/slam_mapping.launch.py
-- Up-to-date symlink: /home/youssef/GP_Project/install/my_car_ws/share/my_car_ws//launch/spawn_car.launch.py
-- Up-to-date symlink: /home/youssef/GP_Project/install/my_car_ws/share/my_car_ws//launch/teleop_launch.py
-- Up-to-date symlink: /home/youssef/GP_Project/install/my_car_ws/share/my_car_ws//urdf/common_properties.urdf.xacro
-- Up-to-date symlink: /home/youssef/GP_Project/install/my_car_ws/share/my_car_ws//urdf/my_car.urdf.xacro
-- Up-to-date symlink: /home/youssef/GP_Project/install/my_car_ws/share/my_car_ws//urdf/my_car_base.urdf.xacro
-- Up-to-date symlink: /home/youssef/GP_Project/install/my_car_ws/share/my_car_ws//urdf/my_car_base_gazebo.urdf.xacro
-- Up-to-date symlink: /home/youssef/GP_Project/install/my_car_ws/share/my_car_ws//urdf/my_car_lidar.urdf.xacro
-- Symlinking: /home/youssef/GP_Project/install/my_car_ws/share/my_car_ws//worlds/empty_world.world
-- Up-to-date symlink: /home/youssef/GP_Project/install/my_car_ws/share/my_car_ws//worlds/my_world.world
-- Up-to-date symlink: /home/youssef/GP_Project/install/my_car_ws/share/my_car_ws//config/slam_params.yaml
-- Up-to-date symlink: /home/youssef/GP_Project/install/my_car_ws/share/ament_index/resource_index/package_run_dependencies/my_car_ws
-- Up-to-date symlink: /home/youssef/GP_Project/install/my_car_ws/share/ament_index/resource_index/parent_prefix_path/my_car_ws
-- Up-to-date symlink: /home/youssef/GP_Project/install/my_car_ws/share/my_car_ws/environment/ament_prefix_path.sh
-- Up-to-date symlink: /home/youssef/GP_Project/install/my_car_ws/share/my_car_ws/environment/ament_prefix_path.dsv
-- Up-to-date symlink: /home/youssef/GP_Project/install/my_car_ws/share/my_car_ws/environment/path.sh
-- Up-to-date symlink: /home/youssef/GP_Project/install/my_car_ws/share/my_car_ws/environment/path.dsv
-- Up-to-date symlink: /home/youssef/GP_Project/install/my_car_ws/share/my_car_ws/local_setup.bash
-- Up-to-date symlink: /home/youssef/GP_Project/install/my_car_ws/share/my_car_ws/local_setup.sh
-- Up-to-date symlink: /home/youssef/GP_Project/install/my_car_ws/share/my_car_ws/local_setup.zsh
-- Up-to-date symlink: /home/youssef/GP_Project/install/my_car_ws/share/my_car_ws/local_setup.dsv
-- Symlinking: /home/youssef/GP_Project/install/my_car_ws/share/my_car_ws/package.dsv
-- Up-to-date symlink: /home/youssef/GP_Project/install/my_car_ws/share/ament_index/resource_index/packages/my_car_ws
-- Up-to-date symlink: /home/youssef/GP_Project/install/my_car_ws/share/my_car_ws/cmake/my_car_wsConfig.cmake
-- Up-to-date symlink: /home/youssef/GP_Project/install/my_car_ws/share/my_car_ws/cmake/my_car_wsConfig-version.cmake
-- Up-to-date symlink: /home/youssef/GP_Project/install/my_car_ws/share/my_car_ws/package.xml
