[0.031s] Invoking command in '/home/youssef/GP_Project/build/my_car_ws': CMAKE_PREFIX_PATH=${CMAKE_PREFIX_PATH}:/opt/ros/humble /usr/bin/cmake /home/youssef/GP_Project/src/my_car_ws -DCMAKE_INSTALL_PREFIX=/home/youssef/GP_Project/install/my_car_ws
[0.220s] -- Found ament_cmake: 1.3.11 (/opt/ros/humble/share/ament_cmake/cmake)
[0.582s] -- Override CMake install command with custom implementation using symlinks instead of copying resources
[0.682s] -- Found rclcpp: 16.0.12 (/opt/ros/humble/share/rclcpp/cmake)
[0.786s] -- Found rosidl_generator_c: 3.1.6 (/opt/ros/humble/share/rosidl_generator_c/cmake)
[0.790s] -- Found rosidl_adapter: 3.1.6 (/opt/ros/humble/share/rosidl_adapter/cmake)
[0.798s] -- Found rosidl_generator_cpp: 3.1.6 (/opt/ros/humble/share/rosidl_generator_cpp/cmake)
[0.810s] -- Using all available rosidl_typesupport_c: rosidl_typesupport_fastrtps_c;rosidl_typesupport_introspection_c
[0.838s] -- Using all available rosidl_typesupport_cpp: rosidl_typesupport_fastrtps_cpp;rosidl_typesupport_introspection_cpp
[0.901s] -- Found rmw_implementation_cmake: 6.1.2 (/opt/ros/humble/share/rmw_implementation_cmake/cmake)
[0.905s] -- Found rmw_fastrtps_cpp: 6.2.7 (/opt/ros/humble/share/rmw_fastrtps_cpp/cmake)
[0.998s] -- Using RMW implementation 'rmw_fastrtps_cpp' as default
[1.174s] -- Found ament_lint_auto: 0.12.12 (/opt/ros/humble/share/ament_lint_auto/cmake)
[1.280s] -- Added test 'flake8' to check Python code syntax and style conventions
[1.281s] -- Added test 'lint_cmake' to check CMake code style
[1.281s] -- Added test 'pep257' to check Python code against some of the docstring style conventions in PEP 257
[1.282s] -- Added test 'xmllint' to check XML markup files
[1.284s] -- Configuring done
[1.298s] -- Generating done
[1.299s] -- Build files have been written to: /home/youssef/GP_Project/build/my_car_ws
[1.305s] Invoked command in '/home/youssef/GP_Project/build/my_car_ws' returned '0': CMAKE_PREFIX_PATH=${CMAKE_PREFIX_PATH}:/opt/ros/humble /usr/bin/cmake /home/youssef/GP_Project/src/my_car_ws -DCMAKE_INSTALL_PREFIX=/home/youssef/GP_Project/install/my_car_ws
[1.307s] Invoking command in '/home/youssef/GP_Project/build/my_car_ws': CMAKE_PREFIX_PATH=${CMAKE_PREFIX_PATH}:/opt/ros/humble /usr/bin/cmake --build /home/youssef/GP_Project/build/my_car_ws -- -j8 -l8
[1.434s] Invoked command in '/home/youssef/GP_Project/build/my_car_ws' returned '0': CMAKE_PREFIX_PATH=${CMAKE_PREFIX_PATH}:/opt/ros/humble /usr/bin/cmake --build /home/youssef/GP_Project/build/my_car_ws -- -j8 -l8
[1.443s] Invoking command in '/home/youssef/GP_Project/build/my_car_ws': CMAKE_PREFIX_PATH=${CMAKE_PREFIX_PATH}:/opt/ros/humble /usr/bin/cmake --install /home/youssef/GP_Project/build/my_car_ws
[1.448s] -- Install configuration: ""
[1.449s] -- Execute custom install script
[1.449s] -- Up-to-date symlink: /home/youssef/GP_Project/install/my_car_ws/share/my_car_ws//launch/lidar.launch.py
[1.449s] -- Up-to-date symlink: /home/youssef/GP_Project/install/my_car_ws/share/my_car_ws//launch/slam_mapping.launch.py
[1.449s] -- Up-to-date symlink: /home/youssef/GP_Project/install/my_car_ws/share/my_car_ws//launch/spawn_car.launch.py
[1.449s] -- Up-to-date symlink: /home/youssef/GP_Project/install/my_car_ws/share/my_car_ws//launch/teleop_launch.py
[1.449s] -- Up-to-date symlink: /home/youssef/GP_Project/install/my_car_ws/share/my_car_ws//urdf/common_properties.urdf.xacro
[1.450s] -- Up-to-date symlink: /home/youssef/GP_Project/install/my_car_ws/share/my_car_ws//urdf/my_car.urdf.xacro
[1.450s] -- Up-to-date symlink: /home/youssef/GP_Project/install/my_car_ws/share/my_car_ws//urdf/my_car_base.urdf.xacro
[1.450s] -- Up-to-date symlink: /home/youssef/GP_Project/install/my_car_ws/share/my_car_ws//urdf/my_car_base_gazebo.urdf.xacro
[1.450s] -- Up-to-date symlink: /home/youssef/GP_Project/install/my_car_ws/share/my_car_ws//urdf/my_car_lidar.urdf.xacro
[1.450s] -- Symlinking: /home/youssef/GP_Project/install/my_car_ws/share/my_car_ws//worlds/empty_world.world
[1.457s] -- Up-to-date symlink: /home/youssef/GP_Project/install/my_car_ws/share/my_car_ws//worlds/my_world.world
[1.457s] -- Up-to-date symlink: /home/youssef/GP_Project/install/my_car_ws/share/my_car_ws//config/slam_params.yaml
[1.457s] -- Up-to-date symlink: /home/youssef/GP_Project/install/my_car_ws/share/ament_index/resource_index/package_run_dependencies/my_car_ws
[1.457s] -- Up-to-date symlink: /home/youssef/GP_Project/install/my_car_ws/share/ament_index/resource_index/parent_prefix_path/my_car_ws
[1.458s] -- Up-to-date symlink: /home/youssef/GP_Project/install/my_car_ws/share/my_car_ws/environment/ament_prefix_path.sh
[1.458s] -- Up-to-date symlink: /home/youssef/GP_Project/install/my_car_ws/share/my_car_ws/environment/ament_prefix_path.dsv
[1.458s] -- Up-to-date symlink: /home/youssef/GP_Project/install/my_car_ws/share/my_car_ws/environment/path.sh
[1.458s] -- Up-to-date symlink: /home/youssef/GP_Project/install/my_car_ws/share/my_car_ws/environment/path.dsv
[1.458s] -- Up-to-date symlink: /home/youssef/GP_Project/install/my_car_ws/share/my_car_ws/local_setup.bash
[1.458s] -- Up-to-date symlink: /home/youssef/GP_Project/install/my_car_ws/share/my_car_ws/local_setup.sh
[1.458s] -- Up-to-date symlink: /home/youssef/GP_Project/install/my_car_ws/share/my_car_ws/local_setup.zsh
[1.459s] -- Up-to-date symlink: /home/youssef/GP_Project/install/my_car_ws/share/my_car_ws/local_setup.dsv
[1.459s] -- Symlinking: /home/youssef/GP_Project/install/my_car_ws/share/my_car_ws/package.dsv
[1.466s] -- Up-to-date symlink: /home/youssef/GP_Project/install/my_car_ws/share/ament_index/resource_index/packages/my_car_ws
[1.466s] -- Up-to-date symlink: /home/youssef/GP_Project/install/my_car_ws/share/my_car_ws/cmake/my_car_wsConfig.cmake
[1.466s] -- Up-to-date symlink: /home/youssef/GP_Project/install/my_car_ws/share/my_car_ws/cmake/my_car_wsConfig-version.cmake
[1.466s] -- Up-to-date symlink: /home/youssef/GP_Project/install/my_car_ws/share/my_car_ws/package.xml
[1.468s] Invoked command in '/home/youssef/GP_Project/build/my_car_ws' returned '0': CMAKE_PREFIX_PATH=${CMAKE_PREFIX_PATH}:/opt/ros/humble /usr/bin/cmake --install /home/youssef/GP_Project/build/my_car_ws
