[0.873s] DEBUG:colcon:Command line arguments: ['/usr/bin/colcon', 'build']
[0.874s] DEBUG:colcon:Parsed command line arguments: Namespace(log_base=None, log_level=None, verb_name='build', build_base='build', install_base='install', merge_install=False, symlink_install=False, test_result_base=None, continue_on_error=False, executor='parallel', parallel_workers=8, event_handlers=None, ignore_user_meta=False, metas=['./colcon.meta'], base_paths=['.'], packages_ignore=None, packages_ignore_regex=None, paths=None, packages_up_to=None, packages_up_to_regex=None, packages_above=None, packages_above_and_dependencies=None, packages_above_depth=None, packages_select_by_dep=None, packages_skip_by_dep=None, packages_skip_up_to=None, packages_select_build_failed=False, packages_skip_build_finished=False, packages_select_test_failures=False, packages_skip_test_passed=False, packages_select=None, packages_skip=None, packages_select_regex=None, packages_skip_regex=None, packages_start=None, packages_end=None, allow_overriding=[], cmake_args=None, cmake_target=None, cmake_target_skip_unavailable=False, cmake_clean_cache=False, cmake_clean_first=False, cmake_force_configure=False, ament_cmake_args=None, catkin_cmake_args=None, catkin_skip_building_tests=False, mixin_files=None, mixin=None, verb_parser=<colcon_mixin.mixin.mixin_argument.MixinArgumentDecorator object at 0x70270660dcf0>, verb_extension=<colcon_core.verb.build.BuildVerb object at 0x70270660d690>, main=<bound method BuildVerb.main of <colcon_core.verb.build.BuildVerb object at 0x70270660d690>>, mixin_verb=('build',))
[1.028s] Level 1:colcon.colcon_core.package_discovery:discover_packages(colcon_meta) check parameters
[1.028s] Level 1:colcon.colcon_core.package_discovery:discover_packages(recursive) check parameters
[1.028s] Level 1:colcon.colcon_core.package_discovery:discover_packages(ignore) check parameters
[1.028s] Level 1:colcon.colcon_core.package_discovery:discover_packages(path) check parameters
[1.029s] Level 1:colcon.colcon_core.package_discovery:discover_packages(colcon_meta) discover
[1.029s] Level 1:colcon.colcon_core.package_discovery:discover_packages(recursive) discover
[1.029s] INFO:colcon.colcon_core.package_discovery:Crawling recursively for packages in '/home/youssef/GP_Project'
[1.029s] Level 1:colcon.colcon_core.package_identification:_identify(.) by extensions ['ignore', 'ignore_ament_install']
[1.029s] Level 1:colcon.colcon_core.package_identification:_identify(.) by extension 'ignore'
[1.029s] Level 1:colcon.colcon_core.package_identification:_identify(.) by extension 'ignore_ament_install'
[1.029s] Level 1:colcon.colcon_core.package_identification:_identify(.) by extensions ['colcon_pkg']
[1.029s] Level 1:colcon.colcon_core.package_identification:_identify(.) by extension 'colcon_pkg'
[1.029s] Level 1:colcon.colcon_core.package_identification:_identify(.) by extensions ['colcon_meta']
[1.029s] Level 1:colcon.colcon_core.package_identification:_identify(.) by extension 'colcon_meta'
[1.029s] Level 1:colcon.colcon_core.package_identification:_identify(.) by extensions ['ros']
[1.029s] Level 1:colcon.colcon_core.package_identification:_identify(.) by extension 'ros'
[1.039s] Level 1:colcon.colcon_core.package_identification:_identify(.) by extensions ['cmake', 'python']
[1.039s] Level 1:colcon.colcon_core.package_identification:_identify(.) by extension 'cmake'
[1.039s] Level 1:colcon.colcon_core.package_identification:_identify(.) by extension 'python'
[1.039s] Level 1:colcon.colcon_core.package_identification:_identify(.) by extensions ['python_setup_py']
[1.039s] Level 1:colcon.colcon_core.package_identification:_identify(.) by extension 'python_setup_py'
[1.039s] Level 1:colcon.colcon_core.package_identification:_identify(build) by extensions ['ignore', 'ignore_ament_install']
[1.039s] Level 1:colcon.colcon_core.package_identification:_identify(build) by extension 'ignore'
[1.039s] Level 1:colcon.colcon_core.package_identification:_identify(build) ignored
[1.039s] Level 1:colcon.colcon_core.package_identification:_identify(install) by extensions ['ignore', 'ignore_ament_install']
[1.039s] Level 1:colcon.colcon_core.package_identification:_identify(install) by extension 'ignore'
[1.039s] Level 1:colcon.colcon_core.package_identification:_identify(install) ignored
[1.039s] Level 1:colcon.colcon_core.package_identification:_identify(log) by extensions ['ignore', 'ignore_ament_install']
[1.039s] Level 1:colcon.colcon_core.package_identification:_identify(log) by extension 'ignore'
[1.039s] Level 1:colcon.colcon_core.package_identification:_identify(log) ignored
[1.040s] Level 1:colcon.colcon_core.package_identification:_identify(src) by extensions ['ignore', 'ignore_ament_install']
[1.040s] Level 1:colcon.colcon_core.package_identification:_identify(src) by extension 'ignore'
[1.040s] Level 1:colcon.colcon_core.package_identification:_identify(src) by extension 'ignore_ament_install'
[1.040s] Level 1:colcon.colcon_core.package_identification:_identify(src) by extensions ['colcon_pkg']
[1.040s] Level 1:colcon.colcon_core.package_identification:_identify(src) by extension 'colcon_pkg'
[1.040s] Level 1:colcon.colcon_core.package_identification:_identify(src) by extensions ['colcon_meta']
[1.040s] Level 1:colcon.colcon_core.package_identification:_identify(src) by extension 'colcon_meta'
[1.040s] Level 1:colcon.colcon_core.package_identification:_identify(src) by extensions ['ros']
[1.040s] Level 1:colcon.colcon_core.package_identification:_identify(src) by extension 'ros'
[1.040s] Level 1:colcon.colcon_core.package_identification:_identify(src) by extensions ['cmake', 'python']
[1.040s] Level 1:colcon.colcon_core.package_identification:_identify(src) by extension 'cmake'
[1.040s] Level 1:colcon.colcon_core.package_identification:_identify(src) by extension 'python'
[1.040s] Level 1:colcon.colcon_core.package_identification:_identify(src) by extensions ['python_setup_py']
[1.040s] Level 1:colcon.colcon_core.package_identification:_identify(src) by extension 'python_setup_py'
[1.040s] Level 1:colcon.colcon_core.package_identification:_identify(src/my_car_ws) by extensions ['ignore', 'ignore_ament_install']
[1.040s] Level 1:colcon.colcon_core.package_identification:_identify(src/my_car_ws) by extension 'ignore'
[1.040s] Level 1:colcon.colcon_core.package_identification:_identify(src/my_car_ws) by extension 'ignore_ament_install'
[1.040s] Level 1:colcon.colcon_core.package_identification:_identify(src/my_car_ws) by extensions ['colcon_pkg']
[1.040s] Level 1:colcon.colcon_core.package_identification:_identify(src/my_car_ws) by extension 'colcon_pkg'
[1.040s] Level 1:colcon.colcon_core.package_identification:_identify(src/my_car_ws) by extensions ['colcon_meta']
[1.040s] Level 1:colcon.colcon_core.package_identification:_identify(src/my_car_ws) by extension 'colcon_meta'
[1.040s] Level 1:colcon.colcon_core.package_identification:_identify(src/my_car_ws) by extensions ['ros']
[1.041s] Level 1:colcon.colcon_core.package_identification:_identify(src/my_car_ws) by extension 'ros'
[1.043s] DEBUG:colcon.colcon_core.package_identification:Package 'src/my_car_ws' with type 'ros.ament_cmake' and name 'my_car_ws'
[1.043s] Level 1:colcon.colcon_core.package_identification:_identify(src/pyserial_connection) by extensions ['ignore', 'ignore_ament_install']
[1.043s] Level 1:colcon.colcon_core.package_identification:_identify(src/pyserial_connection) by extension 'ignore'
[1.043s] Level 1:colcon.colcon_core.package_identification:_identify(src/pyserial_connection) by extension 'ignore_ament_install'
[1.043s] Level 1:colcon.colcon_core.package_identification:_identify(src/pyserial_connection) by extensions ['colcon_pkg']
[1.043s] Level 1:colcon.colcon_core.package_identification:_identify(src/pyserial_connection) by extension 'colcon_pkg'
[1.043s] Level 1:colcon.colcon_core.package_identification:_identify(src/pyserial_connection) by extensions ['colcon_meta']
[1.043s] Level 1:colcon.colcon_core.package_identification:_identify(src/pyserial_connection) by extension 'colcon_meta'
[1.043s] Level 1:colcon.colcon_core.package_identification:_identify(src/pyserial_connection) by extensions ['ros']
[1.043s] Level 1:colcon.colcon_core.package_identification:_identify(src/pyserial_connection) by extension 'ros'
[1.044s] DEBUG:colcon.colcon_core.package_identification:Package 'src/pyserial_connection' with type 'ros.ament_python' and name 'pyserial_connection'
[1.044s] Level 1:colcon.colcon_core.package_discovery:discover_packages(recursive) using defaults
[1.044s] Level 1:colcon.colcon_core.package_discovery:discover_packages(ignore) discover
[1.044s] Level 1:colcon.colcon_core.package_discovery:discover_packages(ignore) using defaults
[1.044s] Level 1:colcon.colcon_core.package_discovery:discover_packages(path) discover
[1.044s] Level 1:colcon.colcon_core.package_discovery:discover_packages(path) using defaults
[1.070s] Level 1:colcon.colcon_core.package_discovery:discover_packages(prefix_path) check parameters
[1.070s] Level 1:colcon.colcon_core.package_discovery:discover_packages(prefix_path) discover
[1.071s] DEBUG:colcon.colcon_installed_package_information.package_discovery:Found 2 installed packages in /home/youssef/GP_Project/install
[1.072s] DEBUG:colcon.colcon_installed_package_information.package_discovery:Found 288 installed packages in /opt/ros/humble
[1.074s] Level 1:colcon.colcon_core.package_discovery:discover_packages(prefix_path) using defaults
[1.109s] Level 5:colcon.colcon_core.verb:set package 'my_car_ws' build argument 'cmake_args' from command line to 'None'
[1.109s] Level 5:colcon.colcon_core.verb:set package 'my_car_ws' build argument 'cmake_target' from command line to 'None'
[1.109s] Level 5:colcon.colcon_core.verb:set package 'my_car_ws' build argument 'cmake_target_skip_unavailable' from command line to 'False'
[1.109s] Level 5:colcon.colcon_core.verb:set package 'my_car_ws' build argument 'cmake_clean_cache' from command line to 'False'
[1.109s] Level 5:colcon.colcon_core.verb:set package 'my_car_ws' build argument 'cmake_clean_first' from command line to 'False'
[1.109s] Level 5:colcon.colcon_core.verb:set package 'my_car_ws' build argument 'cmake_force_configure' from command line to 'False'
[1.109s] Level 5:colcon.colcon_core.verb:set package 'my_car_ws' build argument 'ament_cmake_args' from command line to 'None'
[1.109s] Level 5:colcon.colcon_core.verb:set package 'my_car_ws' build argument 'catkin_cmake_args' from command line to 'None'
[1.109s] Level 5:colcon.colcon_core.verb:set package 'my_car_ws' build argument 'catkin_skip_building_tests' from command line to 'False'
[1.109s] DEBUG:colcon.colcon_core.verb:Building package 'my_car_ws' with the following arguments: {'ament_cmake_args': None, 'build_base': '/home/youssef/GP_Project/build/my_car_ws', 'catkin_cmake_args': None, 'catkin_skip_building_tests': False, 'cmake_args': None, 'cmake_clean_cache': False, 'cmake_clean_first': False, 'cmake_force_configure': False, 'cmake_target': None, 'cmake_target_skip_unavailable': False, 'install_base': '/home/youssef/GP_Project/install/my_car_ws', 'merge_install': False, 'path': '/home/youssef/GP_Project/src/my_car_ws', 'symlink_install': False, 'test_result_base': None}
[1.109s] Level 5:colcon.colcon_core.verb:set package 'pyserial_connection' build argument 'cmake_args' from command line to 'None'
[1.109s] Level 5:colcon.colcon_core.verb:set package 'pyserial_connection' build argument 'cmake_target' from command line to 'None'
[1.109s] Level 5:colcon.colcon_core.verb:set package 'pyserial_connection' build argument 'cmake_target_skip_unavailable' from command line to 'False'
[1.109s] Level 5:colcon.colcon_core.verb:set package 'pyserial_connection' build argument 'cmake_clean_cache' from command line to 'False'
[1.109s] Level 5:colcon.colcon_core.verb:set package 'pyserial_connection' build argument 'cmake_clean_first' from command line to 'False'
[1.109s] Level 5:colcon.colcon_core.verb:set package 'pyserial_connection' build argument 'cmake_force_configure' from command line to 'False'
[1.109s] Level 5:colcon.colcon_core.verb:set package 'pyserial_connection' build argument 'ament_cmake_args' from command line to 'None'
[1.110s] Level 5:colcon.colcon_core.verb:set package 'pyserial_connection' build argument 'catkin_cmake_args' from command line to 'None'
[1.110s] Level 5:colcon.colcon_core.verb:set package 'pyserial_connection' build argument 'catkin_skip_building_tests' from command line to 'False'
[1.110s] DEBUG:colcon.colcon_core.verb:Building package 'pyserial_connection' with the following arguments: {'ament_cmake_args': None, 'build_base': '/home/youssef/GP_Project/build/pyserial_connection', 'catkin_cmake_args': None, 'catkin_skip_building_tests': False, 'cmake_args': None, 'cmake_clean_cache': False, 'cmake_clean_first': False, 'cmake_force_configure': False, 'cmake_target': None, 'cmake_target_skip_unavailable': False, 'install_base': '/home/youssef/GP_Project/install/pyserial_connection', 'merge_install': False, 'path': '/home/youssef/GP_Project/src/pyserial_connection', 'symlink_install': False, 'test_result_base': None}
[1.110s] INFO:colcon.colcon_core.executor:Executing jobs using 'parallel' executor
[1.111s] DEBUG:colcon.colcon_parallel_executor.executor.parallel:run_until_complete
[1.111s] INFO:colcon.colcon_ros.task.ament_cmake.build:Building ROS package in '/home/youssef/GP_Project/src/my_car_ws' with build type 'ament_cmake'
[1.111s] INFO:colcon.colcon_cmake.task.cmake.build:Building CMake package in '/home/youssef/GP_Project/src/my_car_ws'
[1.113s] INFO:colcon.colcon_core.plugin_system:Skipping extension 'colcon_core.shell.bat': Not used on non-Windows systems
[1.113s] INFO:colcon.colcon_core.shell:Skip shell extension 'powershell' for command environment: Not usable outside of PowerShell
[1.113s] DEBUG:colcon.colcon_core.shell:Skip shell extension 'dsv' for command environment
[1.115s] INFO:colcon.colcon_ros.task.ament_python.build:Building ROS package in '/home/youssef/GP_Project/src/pyserial_connection' with build type 'ament_python'
[1.116s] Level 1:colcon.colcon_core.shell:create_environment_hook('pyserial_connection', 'ament_prefix_path')
[1.116s] INFO:colcon.colcon_core.shell:Creating environment hook '/home/youssef/GP_Project/install/pyserial_connection/share/pyserial_connection/hook/ament_prefix_path.ps1'
[1.116s] INFO:colcon.colcon_core.shell:Creating environment descriptor '/home/youssef/GP_Project/install/pyserial_connection/share/pyserial_connection/hook/ament_prefix_path.dsv'
[1.117s] INFO:colcon.colcon_core.shell:Creating environment hook '/home/youssef/GP_Project/install/pyserial_connection/share/pyserial_connection/hook/ament_prefix_path.sh'
[1.117s] INFO:colcon.colcon_core.shell:Skip shell extension 'powershell' for command environment: Not usable outside of PowerShell
[1.117s] DEBUG:colcon.colcon_core.shell:Skip shell extension 'dsv' for command environment
[1.124s] DEBUG:colcon.colcon_core.event_handler.log_command:Invoking command in '/home/youssef/GP_Project/build/my_car_ws': CMAKE_PREFIX_PATH=${CMAKE_PREFIX_PATH}:/home/youssef/GP_Project/install/pyserial_connection:/opt/ros/humble /usr/bin/cmake --build /home/youssef/GP_Project/build/my_car_ws -- -j8 -l8
[1.359s] INFO:colcon.colcon_core.task.python.build:Building Python package in '/home/youssef/GP_Project/src/pyserial_connection'
[1.360s] INFO:colcon.colcon_core.shell:Skip shell extension 'powershell' for command environment: Not usable outside of PowerShell
[1.360s] DEBUG:colcon.colcon_core.shell:Skip shell extension 'dsv' for command environment
[1.363s] DEBUG:colcon.colcon_core.event_handler.log_command:Invoked command in '/home/youssef/GP_Project/build/my_car_ws' returned '0': CMAKE_PREFIX_PATH=${CMAKE_PREFIX_PATH}:/home/youssef/GP_Project/install/pyserial_connection:/opt/ros/humble /usr/bin/cmake --build /home/youssef/GP_Project/build/my_car_ws -- -j8 -l8
[1.371s] DEBUG:colcon.colcon_core.event_handler.log_command:Invoking command in '/home/youssef/GP_Project/build/my_car_ws': CMAKE_PREFIX_PATH=${CMAKE_PREFIX_PATH}:/home/youssef/GP_Project/install/pyserial_connection:/opt/ros/humble /usr/bin/cmake --install /home/youssef/GP_Project/build/my_car_ws
[1.390s] Level 1:colcon.colcon_core.environment:create_environment_scripts_only(my_car_ws)
[1.390s] DEBUG:colcon.colcon_core.event_handler.log_command:Invoked command in '/home/youssef/GP_Project/build/my_car_ws' returned '0': CMAKE_PREFIX_PATH=${CMAKE_PREFIX_PATH}:/home/youssef/GP_Project/install/pyserial_connection:/opt/ros/humble /usr/bin/cmake --install /home/youssef/GP_Project/build/my_car_ws
[1.392s] Level 1:colcon.colcon_core.environment:checking '/home/youssef/GP_Project/install/my_car_ws' for CMake module files
[1.392s] Level 1:colcon.colcon_core.environment:checking '/home/youssef/GP_Project/install/my_car_ws' for CMake config files
[1.393s] Level 1:colcon.colcon_core.shell:create_environment_hook('my_car_ws', 'cmake_prefix_path')
[1.393s] INFO:colcon.colcon_core.shell:Creating environment hook '/home/youssef/GP_Project/install/my_car_ws/share/my_car_ws/hook/cmake_prefix_path.ps1'
[1.394s] INFO:colcon.colcon_core.shell:Creating environment descriptor '/home/youssef/GP_Project/install/my_car_ws/share/my_car_ws/hook/cmake_prefix_path.dsv'
[1.394s] INFO:colcon.colcon_core.shell:Creating environment hook '/home/youssef/GP_Project/install/my_car_ws/share/my_car_ws/hook/cmake_prefix_path.sh'
[1.394s] Level 1:colcon.colcon_core.environment:checking '/home/youssef/GP_Project/install/my_car_ws/bin'
[1.394s] Level 1:colcon.colcon_core.environment:checking '/home/youssef/GP_Project/install/my_car_ws/lib/pkgconfig/my_car_ws.pc'
[1.395s] Level 1:colcon.colcon_core.environment:checking '/home/youssef/GP_Project/install/my_car_ws/lib/python3.10/site-packages'
[1.395s] Level 1:colcon.colcon_core.environment:checking '/home/youssef/GP_Project/install/my_car_ws/bin'
[1.395s] INFO:colcon.colcon_core.shell:Creating package script '/home/youssef/GP_Project/install/my_car_ws/share/my_car_ws/package.ps1'
[1.396s] INFO:colcon.colcon_core.shell:Creating package descriptor '/home/youssef/GP_Project/install/my_car_ws/share/my_car_ws/package.dsv'
[1.396s] INFO:colcon.colcon_core.shell:Creating package script '/home/youssef/GP_Project/install/my_car_ws/share/my_car_ws/package.sh'
[1.397s] INFO:colcon.colcon_core.shell:Creating package script '/home/youssef/GP_Project/install/my_car_ws/share/my_car_ws/package.bash'
[1.398s] INFO:colcon.colcon_core.shell:Creating package script '/home/youssef/GP_Project/install/my_car_ws/share/my_car_ws/package.zsh'
[1.398s] Level 1:colcon.colcon_core.environment:create_file_with_runtime_dependencies(/home/youssef/GP_Project/install/my_car_ws/share/colcon-core/packages/my_car_ws)
[1.399s] Level 1:colcon.colcon_core.environment:create_environment_scripts_only(my_car_ws)
[1.399s] Level 1:colcon.colcon_core.environment:checking '/home/youssef/GP_Project/install/my_car_ws' for CMake module files
[1.399s] Level 1:colcon.colcon_core.environment:checking '/home/youssef/GP_Project/install/my_car_ws' for CMake config files
[1.400s] Level 1:colcon.colcon_core.shell:create_environment_hook('my_car_ws', 'cmake_prefix_path')
[1.400s] INFO:colcon.colcon_core.shell:Creating environment hook '/home/youssef/GP_Project/install/my_car_ws/share/my_car_ws/hook/cmake_prefix_path.ps1'
[1.400s] INFO:colcon.colcon_core.shell:Creating environment descriptor '/home/youssef/GP_Project/install/my_car_ws/share/my_car_ws/hook/cmake_prefix_path.dsv'
[1.401s] INFO:colcon.colcon_core.shell:Creating environment hook '/home/youssef/GP_Project/install/my_car_ws/share/my_car_ws/hook/cmake_prefix_path.sh'
[1.401s] Level 1:colcon.colcon_core.environment:checking '/home/youssef/GP_Project/install/my_car_ws/bin'
[1.401s] Level 1:colcon.colcon_core.environment:checking '/home/youssef/GP_Project/install/my_car_ws/lib/pkgconfig/my_car_ws.pc'
[1.401s] Level 1:colcon.colcon_core.environment:checking '/home/youssef/GP_Project/install/my_car_ws/lib/python3.10/site-packages'
[1.401s] Level 1:colcon.colcon_core.environment:checking '/home/youssef/GP_Project/install/my_car_ws/bin'
[1.402s] INFO:colcon.colcon_core.shell:Creating package script '/home/youssef/GP_Project/install/my_car_ws/share/my_car_ws/package.ps1'
[1.402s] INFO:colcon.colcon_core.shell:Creating package descriptor '/home/youssef/GP_Project/install/my_car_ws/share/my_car_ws/package.dsv'
[1.402s] INFO:colcon.colcon_core.shell:Creating package script '/home/youssef/GP_Project/install/my_car_ws/share/my_car_ws/package.sh'
[1.403s] INFO:colcon.colcon_core.shell:Creating package script '/home/youssef/GP_Project/install/my_car_ws/share/my_car_ws/package.bash'
[1.403s] INFO:colcon.colcon_core.shell:Creating package script '/home/youssef/GP_Project/install/my_car_ws/share/my_car_ws/package.zsh'
[1.404s] Level 1:colcon.colcon_core.environment:create_file_with_runtime_dependencies(/home/youssef/GP_Project/install/my_car_ws/share/colcon-core/packages/my_car_ws)
[1.669s] DEBUG:colcon.colcon_core.event_handler.log_command:Invoking command in '/home/youssef/GP_Project/src/pyserial_connection': PYTHONPATH=/home/youssef/GP_Project/build/pyserial_connection/prefix_override:/usr/lib/python3/dist-packages/colcon_core/task/python/colcon_distutils_commands:/home/youssef/GP_Project/install/pyserial_connection/lib/python3.10/site-packages:${PYTHONPATH} /usr/bin/python3 -W ignore:setup.py install is deprecated -W ignore:easy_install command is deprecated setup.py egg_info --egg-base ../../build/pyserial_connection build --build-base /home/youssef/GP_Project/build/pyserial_connection/build install --record /home/youssef/GP_Project/build/pyserial_connection/install.log --single-version-externally-managed install_data
[1.931s] Level 1:colcon.colcon_core.environment:checking '/home/youssef/GP_Project/install/pyserial_connection' for CMake module files
[1.932s] DEBUG:colcon.colcon_core.event_handler.log_command:Invoked command in '/home/youssef/GP_Project/src/pyserial_connection' returned '0': PYTHONPATH=/home/youssef/GP_Project/build/pyserial_connection/prefix_override:/usr/lib/python3/dist-packages/colcon_core/task/python/colcon_distutils_commands:/home/youssef/GP_Project/install/pyserial_connection/lib/python3.10/site-packages:${PYTHONPATH} /usr/bin/python3 -W ignore:setup.py install is deprecated -W ignore:easy_install command is deprecated setup.py egg_info --egg-base ../../build/pyserial_connection build --build-base /home/youssef/GP_Project/build/pyserial_connection/build install --record /home/youssef/GP_Project/build/pyserial_connection/install.log --single-version-externally-managed install_data
[1.932s] Level 1:colcon.colcon_core.environment:checking '/home/youssef/GP_Project/install/pyserial_connection' for CMake config files
[1.933s] Level 1:colcon.colcon_core.environment:checking '/home/youssef/GP_Project/install/pyserial_connection/lib'
[1.933s] Level 1:colcon.colcon_core.environment:checking '/home/youssef/GP_Project/install/pyserial_connection/bin'
[1.933s] Level 1:colcon.colcon_core.environment:checking '/home/youssef/GP_Project/install/pyserial_connection/lib/pkgconfig/pyserial_connection.pc'
[1.933s] Level 1:colcon.colcon_core.environment:checking '/home/youssef/GP_Project/install/pyserial_connection/lib/python3.10/site-packages'
[1.933s] Level 1:colcon.colcon_core.shell:create_environment_hook('pyserial_connection', 'pythonpath')
[1.933s] INFO:colcon.colcon_core.shell:Creating environment hook '/home/youssef/GP_Project/install/pyserial_connection/share/pyserial_connection/hook/pythonpath.ps1'
[1.934s] INFO:colcon.colcon_core.shell:Creating environment descriptor '/home/youssef/GP_Project/install/pyserial_connection/share/pyserial_connection/hook/pythonpath.dsv'
[1.934s] INFO:colcon.colcon_core.shell:Creating environment hook '/home/youssef/GP_Project/install/pyserial_connection/share/pyserial_connection/hook/pythonpath.sh'
[1.934s] Level 1:colcon.colcon_core.environment:checking '/home/youssef/GP_Project/install/pyserial_connection/bin'
[1.934s] Level 1:colcon.colcon_core.environment:create_environment_scripts_only(pyserial_connection)
[1.935s] INFO:colcon.colcon_core.shell:Creating package script '/home/youssef/GP_Project/install/pyserial_connection/share/pyserial_connection/package.ps1'
[1.935s] INFO:colcon.colcon_core.shell:Creating package descriptor '/home/youssef/GP_Project/install/pyserial_connection/share/pyserial_connection/package.dsv'
[1.936s] INFO:colcon.colcon_core.shell:Creating package script '/home/youssef/GP_Project/install/pyserial_connection/share/pyserial_connection/package.sh'
[1.936s] INFO:colcon.colcon_core.shell:Creating package script '/home/youssef/GP_Project/install/pyserial_connection/share/pyserial_connection/package.bash'
[1.936s] INFO:colcon.colcon_core.shell:Creating package script '/home/youssef/GP_Project/install/pyserial_connection/share/pyserial_connection/package.zsh'
[1.937s] Level 1:colcon.colcon_core.environment:create_file_with_runtime_dependencies(/home/youssef/GP_Project/install/pyserial_connection/share/colcon-core/packages/pyserial_connection)
[1.937s] DEBUG:colcon.colcon_parallel_executor.executor.parallel:closing loop
[1.937s] DEBUG:colcon.colcon_parallel_executor.executor.parallel:loop closed
[1.937s] DEBUG:colcon.colcon_parallel_executor.executor.parallel:run_until_complete finished with '0'
[1.937s] DEBUG:colcon.colcon_core.event_reactor:joining thread
[1.942s] INFO:colcon.colcon_core.plugin_system:Skipping extension 'colcon_notification.desktop_notification.terminal_notifier': Not used on non-Darwin systems
[1.942s] INFO:colcon.colcon_core.plugin_system:Skipping extension 'colcon_notification.desktop_notification.win32': Not used on non-Windows systems
[1.942s] INFO:colcon.colcon_notification.desktop_notification:Sending desktop notification using 'notify2'
[1.952s] DEBUG:colcon.colcon_core.event_reactor:joined thread
[1.953s] INFO:colcon.colcon_core.shell:Creating prefix script '/home/youssef/GP_Project/install/local_setup.ps1'
[1.953s] INFO:colcon.colcon_core.shell:Creating prefix util module '/home/youssef/GP_Project/install/_local_setup_util_ps1.py'
[1.955s] INFO:colcon.colcon_core.shell:Creating prefix chain script '/home/youssef/GP_Project/install/setup.ps1'
[1.956s] INFO:colcon.colcon_core.shell:Creating prefix script '/home/youssef/GP_Project/install/local_setup.sh'
[1.956s] INFO:colcon.colcon_core.shell:Creating prefix util module '/home/youssef/GP_Project/install/_local_setup_util_sh.py'
[1.957s] INFO:colcon.colcon_core.shell:Creating prefix chain script '/home/youssef/GP_Project/install/setup.sh'
[1.958s] INFO:colcon.colcon_core.shell:Creating prefix script '/home/youssef/GP_Project/install/local_setup.bash'
[1.958s] INFO:colcon.colcon_core.shell:Creating prefix chain script '/home/youssef/GP_Project/install/setup.bash'
[1.959s] INFO:colcon.colcon_core.shell:Creating prefix script '/home/youssef/GP_Project/install/local_setup.zsh'
[1.960s] INFO:colcon.colcon_core.shell:Creating prefix chain script '/home/youssef/GP_Project/install/setup.zsh'
