[0.478s] Invoking command in '/home/youssef/GP_Project/build/my_car_ws': CMAKE_PREFIX_PATH=${CMAKE_PREFIX_PATH}:/opt/ros/humble /usr/bin/cmake /home/youssef/GP_Project/src/my_car_ws -DAMENT_CMAKE_SYMLINK_INSTALL=1 -DCMAKE_INSTALL_PREFIX=/home/youssef/GP_Project/install/my_car_ws
[5.388s] -- Found ament_cmake: 1.3.11 (/opt/ros/humble/share/ament_cmake/cmake)
[6.353s] -- Override CMake install command with custom implementation using symlinks instead of copying resources
[8.650s] -- Found rclcpp: 16.0.12 (/opt/ros/humble/share/rclcpp/cmake)
[14.067s] -- Found rosidl_generator_c: 3.1.6 (/opt/ros/humble/share/rosidl_generator_c/cmake)
[14.601s] -- Found rosidl_adapter: 3.1.6 (/opt/ros/humble/share/rosidl_adapter/cmake)
[14.862s] -- Found rosidl_generator_cpp: 3.1.6 (/opt/ros/humble/share/rosidl_generator_cpp/cmake)
[17.248s] -- Using all available rosidl_typesupport_c: rosidl_typesupport_fastrtps_c;rosidl_typesupport_introspection_c
[17.758s] -- Using all available rosidl_typesupport_cpp: rosidl_typesupport_fastrtps_cpp;rosidl_typesupport_introspection_cpp
[20.463s] -- Found rmw_implementation_cmake: 6.1.2 (/opt/ros/humble/share/rmw_implementation_cmake/cmake)
[20.810s] -- Found rmw_fastrtps_cpp: 6.2.7 (/opt/ros/humble/share/rmw_fastrtps_cpp/cmake)
[23.483s] -- Using RMW implementation 'rmw_fastrtps_cpp' as default
[25.495s] -- Found ament_lint_auto: 0.12.12 (/opt/ros/humble/share/ament_lint_auto/cmake)
[26.577s] -- Added test 'flake8' to check Python code syntax and style conventions
[26.578s] -- Added test 'lint_cmake' to check CMake code style
[26.578s] -- Added test 'pep257' to check Python code against some of the docstring style conventions in PEP 257
[26.582s] -- Added test 'xmllint' to check XML markup files
[26.585s] -- Configuring done
[27.201s] -- Generating done
[27.277s] -- Build files have been written to: /home/youssef/GP_Project/build/my_car_ws
[27.298s] Invoked command in '/home/youssef/GP_Project/build/my_car_ws' returned '0': CMAKE_PREFIX_PATH=${CMAKE_PREFIX_PATH}:/opt/ros/humble /usr/bin/cmake /home/youssef/GP_Project/src/my_car_ws -DAMENT_CMAKE_SYMLINK_INSTALL=1 -DCMAKE_INSTALL_PREFIX=/home/youssef/GP_Project/install/my_car_ws
[27.303s] Invoking command in '/home/youssef/GP_Project/build/my_car_ws': CMAKE_PREFIX_PATH=${CMAKE_PREFIX_PATH}:/opt/ros/humble /usr/bin/cmake --build /home/youssef/GP_Project/build/my_car_ws -- -j8 -l8
[28.432s] Invoked command in '/home/youssef/GP_Project/build/my_car_ws' returned '0': CMAKE_PREFIX_PATH=${CMAKE_PREFIX_PATH}:/opt/ros/humble /usr/bin/cmake --build /home/youssef/GP_Project/build/my_car_ws -- -j8 -l8
[28.447s] Invoking command in '/home/youssef/GP_Project/build/my_car_ws': CMAKE_PREFIX_PATH=${CMAKE_PREFIX_PATH}:/opt/ros/humble /usr/bin/cmake --install /home/youssef/GP_Project/build/my_car_ws
[28.458s] -- Install configuration: ""
[28.458s] -- Execute custom install script
[28.506s] -- Symlinking: /home/youssef/GP_Project/install/my_car_ws/share/my_car_ws//launch/lidar.launch.py
[28.534s] -- Symlinking: /home/youssef/GP_Project/install/my_car_ws/share/my_car_ws//launch/slam_mapping.launch.py
[28.546s] -- Symlinking: /home/youssef/GP_Project/install/my_car_ws/share/my_car_ws//launch/spawn_car.launch.py
[28.558s] -- Symlinking: /home/youssef/GP_Project/install/my_car_ws/share/my_car_ws//launch/teleop_launch.py
[28.569s] -- Symlinking: /home/youssef/GP_Project/install/my_car_ws/share/my_car_ws//urdf/common_properties.urdf.xacro
[28.578s] -- Symlinking: /home/youssef/GP_Project/install/my_car_ws/share/my_car_ws//urdf/my_car.urdf.xacro
[28.589s] -- Symlinking: /home/youssef/GP_Project/install/my_car_ws/share/my_car_ws//urdf/my_car_base.urdf.xacro
[28.602s] -- Symlinking: /home/youssef/GP_Project/install/my_car_ws/share/my_car_ws//urdf/my_car_base_gazebo.urdf.xacro
[28.609s] -- Symlinking: /home/youssef/GP_Project/install/my_car_ws/share/my_car_ws//urdf/my_car_lidar.urdf.xacro
[28.621s] -- Symlinking: /home/youssef/GP_Project/install/my_car_ws/share/my_car_ws//worlds/my_world.world
[28.632s] -- Symlinking: /home/youssef/GP_Project/install/my_car_ws/share/my_car_ws//config/slam_params.yaml
[28.640s] -- Symlinking: /home/youssef/GP_Project/install/my_car_ws/share/ament_index/resource_index/package_run_dependencies/my_car_ws
[28.657s] -- Symlinking: /home/youssef/GP_Project/install/my_car_ws/share/ament_index/resource_index/parent_prefix_path/my_car_ws
[28.696s] -- Symlinking: /home/youssef/GP_Project/install/my_car_ws/share/my_car_ws/environment/ament_prefix_path.sh
[28.708s] -- Symlinking: /home/youssef/GP_Project/install/my_car_ws/share/my_car_ws/environment/ament_prefix_path.dsv
[28.719s] -- Symlinking: /home/youssef/GP_Project/install/my_car_ws/share/my_car_ws/environment/path.sh
[28.730s] -- Symlinking: /home/youssef/GP_Project/install/my_car_ws/share/my_car_ws/environment/path.dsv
[28.738s] -- Symlinking: /home/youssef/GP_Project/install/my_car_ws/share/my_car_ws/local_setup.bash
[28.748s] -- Symlinking: /home/youssef/GP_Project/install/my_car_ws/share/my_car_ws/local_setup.sh
[28.757s] -- Symlinking: /home/youssef/GP_Project/install/my_car_ws/share/my_car_ws/local_setup.zsh
[28.767s] -- Symlinking: /home/youssef/GP_Project/install/my_car_ws/share/my_car_ws/local_setup.dsv
[28.776s] -- Symlinking: /home/youssef/GP_Project/install/my_car_ws/share/my_car_ws/package.dsv
[28.815s] -- Symlinking: /home/youssef/GP_Project/install/my_car_ws/share/ament_index/resource_index/packages/my_car_ws
[28.944s] -- Symlinking: /home/youssef/GP_Project/install/my_car_ws/share/my_car_ws/cmake/my_car_wsConfig.cmake
[28.973s] -- Symlinking: /home/youssef/GP_Project/install/my_car_ws/share/my_car_ws/cmake/my_car_wsConfig-version.cmake
[28.993s] -- Symlinking: /home/youssef/GP_Project/install/my_car_ws/share/my_car_ws/package.xml
[29.006s] Invoked command in '/home/youssef/GP_Project/build/my_car_ws' returned '0': CMAKE_PREFIX_PATH=${CMAKE_PREFIX_PATH}:/opt/ros/humble /usr/bin/cmake --install /home/youssef/GP_Project/build/my_car_ws
