-- Install configuration: ""
-- Execute custom install script
-- Up-to-date symlink: /home/youssef/GP_Project/install/my_car_ws/share/my_car_ws//launch/lidar.launch.py
-- Up-to-date symlink: /home/youssef/GP_Project/install/my_car_ws/share/my_car_ws//launch/slam_mapping.launch.py
-- Up-to-date symlink: /home/youssef/GP_Project/install/my_car_ws/share/my_car_ws//launch/spawn_car.launch.py
-- Up-to-date symlink: /home/youssef/GP_Project/install/my_car_ws/share/my_car_ws//launch/teleop_launch.py
-- Up-to-date symlink: /home/youssef/GP_Project/install/my_car_ws/share/my_car_ws//urdf/common_properties.urdf.xacro
-- Up-to-date symlink: /home/youssef/GP_Project/install/my_car_ws/share/my_car_ws//urdf/my_car.urdf.xacro
-- Up-to-date symlink: /home/youssef/GP_Project/install/my_car_ws/share/my_car_ws//urdf/my_car_base.urdf.xacro
-- Up-to-date symlink: /home/youssef/GP_Project/install/my_car_ws/share/my_car_ws//urdf/my_car_base_gazebo.urdf.xacro
-- Up-to-date symlink: /home/youssef/GP_Project/install/my_car_ws/share/my_car_ws//urdf/my_car_lidar.urdf.xacro
-- Up-to-date symlink: /home/youssef/GP_Project/install/my_car_ws/share/my_car_ws//worlds/empty_world.world
-- Up-to-date symlink: /home/youssef/GP_Project/install/my_car_ws/share/my_car_ws//worlds/my_world.world
-- Up-to-date symlink: /home/youssef/GP_Project/install/my_car_ws/share/my_car_ws//worlds/walls_wallpapers.world
-- Up-to-date symlink: /home/youssef/GP_Project/install/my_car_ws/share/my_car_ws//config/slam_params.yaml
-- Up-to-date symlink: /home/youssef/GP_Project/install/my_car_ws/share/ament_index/resource_index/package_run_dependencies/my_car_ws
-- Up-to-date symlink: /home/youssef/GP_Project/install/my_car_ws/share/ament_index/resource_index/parent_prefix_path/my_car_ws
-- Up-to-date symlink: /home/youssef/GP_Project/install/my_car_ws/share/my_car_ws/environment/ament_prefix_path.sh
-- Up-to-date symlink: /home/youssef/GP_Project/install/my_car_ws/share/my_car_ws/environment/ament_prefix_path.dsv
-- Up-to-date symlink: /home/youssef/GP_Project/install/my_car_ws/share/my_car_ws/environment/path.sh
-- Up-to-date symlink: /home/youssef/GP_Project/install/my_car_ws/share/my_car_ws/environment/path.dsv
-- Up-to-date symlink: /home/youssef/GP_Project/install/my_car_ws/share/my_car_ws/local_setup.bash
-- Up-to-date symlink: /home/youssef/GP_Project/install/my_car_ws/share/my_car_ws/local_setup.sh
-- Up-to-date symlink: /home/youssef/GP_Project/install/my_car_ws/share/my_car_ws/local_setup.zsh
-- Up-to-date symlink: /home/youssef/GP_Project/install/my_car_ws/share/my_car_ws/local_setup.dsv
-- Symlinking: /home/youssef/GP_Project/install/my_car_ws/share/my_car_ws/package.dsv
-- Up-to-date symlink: /home/youssef/GP_Project/install/my_car_ws/share/ament_index/resource_index/packages/my_car_ws
-- Up-to-date symlink: /home/youssef/GP_Project/install/my_car_ws/share/my_car_ws/cmake/my_car_wsConfig.cmake
-- Up-to-date symlink: /home/youssef/GP_Project/install/my_car_ws/share/my_car_ws/cmake/my_car_wsConfig-version.cmake
-- Up-to-date symlink: /home/youssef/GP_Project/install/my_car_ws/share/my_car_ws/package.xml
