[4.602s] DEBUG:colcon:Command line arguments: ['/usr/bin/colcon', 'build']
[4.602s] DEBUG:colcon:Parsed command line arguments: Namespace(log_base=None, log_level=None, verb_name='build', build_base='build', install_base='install', merge_install=False, symlink_install=False, test_result_base=None, continue_on_error=False, executor='parallel', parallel_workers=8, event_handlers=None, ignore_user_meta=False, metas=['./colcon.meta'], base_paths=['.'], packages_ignore=None, packages_ignore_regex=None, paths=None, packages_up_to=None, packages_up_to_regex=None, packages_above=None, packages_above_and_dependencies=None, packages_above_depth=None, packages_select_by_dep=None, packages_skip_by_dep=None, packages_skip_up_to=None, packages_select_build_failed=False, packages_skip_build_finished=False, packages_select_test_failures=False, packages_skip_test_passed=False, packages_select=None, packages_skip=None, packages_select_regex=None, packages_skip_regex=None, packages_start=None, packages_end=None, allow_overriding=[], cmake_args=None, cmake_target=None, cmake_target_skip_unavailable=False, cmake_clean_cache=False, cmake_clean_first=False, cmake_force_configure=False, ament_cmake_args=None, catkin_cmake_args=None, catkin_skip_building_tests=False, mixin_files=None, mixin=None, verb_parser=<colcon_mixin.mixin.mixin_argument.MixinArgumentDecorator object at 0x7980aa059cf0>, verb_extension=<colcon_core.verb.build.BuildVerb object at 0x7980aa059690>, main=<bound method BuildVerb.main of <colcon_core.verb.build.BuildVerb object at 0x7980aa059690>>, mixin_verb=('build',))
[4.894s] Level 1:colcon.colcon_core.package_discovery:discover_packages(colcon_meta) check parameters
[4.894s] Level 1:colcon.colcon_core.package_discovery:discover_packages(recursive) check parameters
[4.895s] Level 1:colcon.colcon_core.package_discovery:discover_packages(ignore) check parameters
[4.895s] Level 1:colcon.colcon_core.package_discovery:discover_packages(path) check parameters
[4.895s] Level 1:colcon.colcon_core.package_discovery:discover_packages(colcon_meta) discover
[4.895s] Level 1:colcon.colcon_core.package_discovery:discover_packages(recursive) discover
[4.895s] INFO:colcon.colcon_core.package_discovery:Crawling recursively for packages in '/home/youssef/GP_Project'
[4.895s] Level 1:colcon.colcon_core.package_identification:_identify(.) by extensions ['ignore', 'ignore_ament_install']
[4.895s] Level 1:colcon.colcon_core.package_identification:_identify(.) by extension 'ignore'
[4.895s] Level 1:colcon.colcon_core.package_identification:_identify(.) by extension 'ignore_ament_install'
[4.895s] Level 1:colcon.colcon_core.package_identification:_identify(.) by extensions ['colcon_pkg']
[4.895s] Level 1:colcon.colcon_core.package_identification:_identify(.) by extension 'colcon_pkg'
[4.895s] Level 1:colcon.colcon_core.package_identification:_identify(.) by extensions ['colcon_meta']
[4.895s] Level 1:colcon.colcon_core.package_identification:_identify(.) by extension 'colcon_meta'
[4.895s] Level 1:colcon.colcon_core.package_identification:_identify(.) by extensions ['ros']
[4.895s] Level 1:colcon.colcon_core.package_identification:_identify(.) by extension 'ros'
[4.905s] Level 1:colcon.colcon_core.package_identification:_identify(.) by extensions ['cmake', 'python']
[4.905s] Level 1:colcon.colcon_core.package_identification:_identify(.) by extension 'cmake'
[4.905s] Level 1:colcon.colcon_core.package_identification:_identify(.) by extension 'python'
[4.905s] Level 1:colcon.colcon_core.package_identification:_identify(.) by extensions ['python_setup_py']
[4.905s] Level 1:colcon.colcon_core.package_identification:_identify(.) by extension 'python_setup_py'
[4.905s] Level 1:colcon.colcon_core.package_identification:_identify(build) by extensions ['ignore', 'ignore_ament_install']
[4.905s] Level 1:colcon.colcon_core.package_identification:_identify(build) by extension 'ignore'
[4.905s] Level 1:colcon.colcon_core.package_identification:_identify(build) ignored
[4.905s] Level 1:colcon.colcon_core.package_identification:_identify(install) by extensions ['ignore', 'ignore_ament_install']
[4.906s] Level 1:colcon.colcon_core.package_identification:_identify(install) by extension 'ignore'
[4.906s] Level 1:colcon.colcon_core.package_identification:_identify(install) ignored
[4.906s] Level 1:colcon.colcon_core.package_identification:_identify(log) by extensions ['ignore', 'ignore_ament_install']
[4.906s] Level 1:colcon.colcon_core.package_identification:_identify(log) by extension 'ignore'
[4.906s] Level 1:colcon.colcon_core.package_identification:_identify(log) ignored
[4.906s] Level 1:colcon.colcon_core.package_identification:_identify(src) by extensions ['ignore', 'ignore_ament_install']
[4.906s] Level 1:colcon.colcon_core.package_identification:_identify(src) by extension 'ignore'
[4.906s] Level 1:colcon.colcon_core.package_identification:_identify(src) by extension 'ignore_ament_install'
[4.906s] Level 1:colcon.colcon_core.package_identification:_identify(src) by extensions ['colcon_pkg']
[4.906s] Level 1:colcon.colcon_core.package_identification:_identify(src) by extension 'colcon_pkg'
[4.906s] Level 1:colcon.colcon_core.package_identification:_identify(src) by extensions ['colcon_meta']
[4.906s] Level 1:colcon.colcon_core.package_identification:_identify(src) by extension 'colcon_meta'
[4.906s] Level 1:colcon.colcon_core.package_identification:_identify(src) by extensions ['ros']
[4.906s] Level 1:colcon.colcon_core.package_identification:_identify(src) by extension 'ros'
[4.906s] Level 1:colcon.colcon_core.package_identification:_identify(src) by extensions ['cmake', 'python']
[4.907s] Level 1:colcon.colcon_core.package_identification:_identify(src) by extension 'cmake'
[4.907s] Level 1:colcon.colcon_core.package_identification:_identify(src) by extension 'python'
[4.907s] Level 1:colcon.colcon_core.package_identification:_identify(src) by extensions ['python_setup_py']
[4.907s] Level 1:colcon.colcon_core.package_identification:_identify(src) by extension 'python_setup_py'
[4.907s] Level 1:colcon.colcon_core.package_identification:_identify(src/my_car_ws) by extensions ['ignore', 'ignore_ament_install']
[4.907s] Level 1:colcon.colcon_core.package_identification:_identify(src/my_car_ws) by extension 'ignore'
[4.907s] Level 1:colcon.colcon_core.package_identification:_identify(src/my_car_ws) by extension 'ignore_ament_install'
[4.907s] Level 1:colcon.colcon_core.package_identification:_identify(src/my_car_ws) by extensions ['colcon_pkg']
[4.907s] Level 1:colcon.colcon_core.package_identification:_identify(src/my_car_ws) by extension 'colcon_pkg'
[4.907s] Level 1:colcon.colcon_core.package_identification:_identify(src/my_car_ws) by extensions ['colcon_meta']
[4.907s] Level 1:colcon.colcon_core.package_identification:_identify(src/my_car_ws) by extension 'colcon_meta'
[4.907s] Level 1:colcon.colcon_core.package_identification:_identify(src/my_car_ws) by extensions ['ros']
[4.907s] Level 1:colcon.colcon_core.package_identification:_identify(src/my_car_ws) by extension 'ros'
[4.909s] DEBUG:colcon.colcon_core.package_identification:Package 'src/my_car_ws' with type 'ros.ament_cmake' and name 'my_car_ws'
[4.909s] Level 1:colcon.colcon_core.package_identification:_identify(src/pyserial_connection) by extensions ['ignore', 'ignore_ament_install']
[4.909s] Level 1:colcon.colcon_core.package_identification:_identify(src/pyserial_connection) by extension 'ignore'
[4.909s] Level 1:colcon.colcon_core.package_identification:_identify(src/pyserial_connection) by extension 'ignore_ament_install'
[4.909s] Level 1:colcon.colcon_core.package_identification:_identify(src/pyserial_connection) by extensions ['colcon_pkg']
[4.909s] Level 1:colcon.colcon_core.package_identification:_identify(src/pyserial_connection) by extension 'colcon_pkg'
[4.909s] Level 1:colcon.colcon_core.package_identification:_identify(src/pyserial_connection) by extensions ['colcon_meta']
[4.909s] Level 1:colcon.colcon_core.package_identification:_identify(src/pyserial_connection) by extension 'colcon_meta'
[4.910s] Level 1:colcon.colcon_core.package_identification:_identify(src/pyserial_connection) by extensions ['ros']
[4.910s] Level 1:colcon.colcon_core.package_identification:_identify(src/pyserial_connection) by extension 'ros'
[4.910s] DEBUG:colcon.colcon_core.package_identification:Package 'src/pyserial_connection' with type 'ros.ament_python' and name 'pyserial_connection'
[4.910s] Level 1:colcon.colcon_core.package_discovery:discover_packages(recursive) using defaults
[4.910s] Level 1:colcon.colcon_core.package_discovery:discover_packages(ignore) discover
[4.910s] Level 1:colcon.colcon_core.package_discovery:discover_packages(ignore) using defaults
[4.910s] Level 1:colcon.colcon_core.package_discovery:discover_packages(path) discover
[4.910s] Level 1:colcon.colcon_core.package_discovery:discover_packages(path) using defaults
[5.755s] Level 1:colcon.colcon_core.package_discovery:discover_packages(prefix_path) check parameters
[5.755s] Level 1:colcon.colcon_core.package_discovery:discover_packages(prefix_path) discover
[6.878s] DEBUG:colcon.colcon_installed_package_information.package_discovery:Found 2 installed packages in /home/youssef/GP_Project/install
[6.883s] DEBUG:colcon.colcon_installed_package_information.package_discovery:Found 288 installed packages in /opt/ros/humble
[6.888s] Level 1:colcon.colcon_core.package_discovery:discover_packages(prefix_path) using defaults
[8.207s] Level 5:colcon.colcon_core.verb:set package 'my_car_ws' build argument 'cmake_args' from command line to 'None'
[8.207s] Level 5:colcon.colcon_core.verb:set package 'my_car_ws' build argument 'cmake_target' from command line to 'None'
[8.207s] Level 5:colcon.colcon_core.verb:set package 'my_car_ws' build argument 'cmake_target_skip_unavailable' from command line to 'False'
[8.207s] Level 5:colcon.colcon_core.verb:set package 'my_car_ws' build argument 'cmake_clean_cache' from command line to 'False'
[8.207s] Level 5:colcon.colcon_core.verb:set package 'my_car_ws' build argument 'cmake_clean_first' from command line to 'False'
[8.207s] Level 5:colcon.colcon_core.verb:set package 'my_car_ws' build argument 'cmake_force_configure' from command line to 'False'
[8.207s] Level 5:colcon.colcon_core.verb:set package 'my_car_ws' build argument 'ament_cmake_args' from command line to 'None'
[8.207s] Level 5:colcon.colcon_core.verb:set package 'my_car_ws' build argument 'catkin_cmake_args' from command line to 'None'
[8.207s] Level 5:colcon.colcon_core.verb:set package 'my_car_ws' build argument 'catkin_skip_building_tests' from command line to 'False'
[8.207s] DEBUG:colcon.colcon_core.verb:Building package 'my_car_ws' with the following arguments: {'ament_cmake_args': None, 'build_base': '/home/youssef/GP_Project/build/my_car_ws', 'catkin_cmake_args': None, 'catkin_skip_building_tests': False, 'cmake_args': None, 'cmake_clean_cache': False, 'cmake_clean_first': False, 'cmake_force_configure': False, 'cmake_target': None, 'cmake_target_skip_unavailable': False, 'install_base': '/home/youssef/GP_Project/install/my_car_ws', 'merge_install': False, 'path': '/home/youssef/GP_Project/src/my_car_ws', 'symlink_install': False, 'test_result_base': None}
[8.208s] Level 5:colcon.colcon_core.verb:set package 'pyserial_connection' build argument 'cmake_args' from command line to 'None'
[8.208s] Level 5:colcon.colcon_core.verb:set package 'pyserial_connection' build argument 'cmake_target' from command line to 'None'
[8.208s] Level 5:colcon.colcon_core.verb:set package 'pyserial_connection' build argument 'cmake_target_skip_unavailable' from command line to 'False'
[8.208s] Level 5:colcon.colcon_core.verb:set package 'pyserial_connection' build argument 'cmake_clean_cache' from command line to 'False'
[8.208s] Level 5:colcon.colcon_core.verb:set package 'pyserial_connection' build argument 'cmake_clean_first' from command line to 'False'
[8.208s] Level 5:colcon.colcon_core.verb:set package 'pyserial_connection' build argument 'cmake_force_configure' from command line to 'False'
[8.208s] Level 5:colcon.colcon_core.verb:set package 'pyserial_connection' build argument 'ament_cmake_args' from command line to 'None'
[8.208s] Level 5:colcon.colcon_core.verb:set package 'pyserial_connection' build argument 'catkin_cmake_args' from command line to 'None'
[8.208s] Level 5:colcon.colcon_core.verb:set package 'pyserial_connection' build argument 'catkin_skip_building_tests' from command line to 'False'
[8.208s] DEBUG:colcon.colcon_core.verb:Building package 'pyserial_connection' with the following arguments: {'ament_cmake_args': None, 'build_base': '/home/youssef/GP_Project/build/pyserial_connection', 'catkin_cmake_args': None, 'catkin_skip_building_tests': False, 'cmake_args': None, 'cmake_clean_cache': False, 'cmake_clean_first': False, 'cmake_force_configure': False, 'cmake_target': None, 'cmake_target_skip_unavailable': False, 'install_base': '/home/youssef/GP_Project/install/pyserial_connection', 'merge_install': False, 'path': '/home/youssef/GP_Project/src/pyserial_connection', 'symlink_install': False, 'test_result_base': None}
[8.208s] INFO:colcon.colcon_core.executor:Executing jobs using 'parallel' executor
[8.209s] DEBUG:colcon.colcon_parallel_executor.executor.parallel:run_until_complete
[8.209s] INFO:colcon.colcon_ros.task.ament_cmake.build:Building ROS package in '/home/youssef/GP_Project/src/my_car_ws' with build type 'ament_cmake'
[8.209s] INFO:colcon.colcon_cmake.task.cmake.build:Building CMake package in '/home/youssef/GP_Project/src/my_car_ws'
[8.256s] INFO:colcon.colcon_core.plugin_system:Skipping extension 'colcon_core.shell.bat': Not used on non-Windows systems
[8.257s] INFO:colcon.colcon_core.shell:Skip shell extension 'powershell' for command environment: Not usable outside of PowerShell
[8.257s] DEBUG:colcon.colcon_core.shell:Skip shell extension 'dsv' for command environment
[8.279s] INFO:colcon.colcon_ros.task.ament_python.build:Building ROS package in '/home/youssef/GP_Project/src/pyserial_connection' with build type 'ament_python'
[8.280s] Level 1:colcon.colcon_core.shell:create_environment_hook('pyserial_connection', 'ament_prefix_path')
[8.280s] INFO:colcon.colcon_core.shell:Creating environment hook '/home/youssef/GP_Project/install/pyserial_connection/share/pyserial_connection/hook/ament_prefix_path.ps1'
[8.369s] INFO:colcon.colcon_core.shell:Creating environment descriptor '/home/youssef/GP_Project/install/pyserial_connection/share/pyserial_connection/hook/ament_prefix_path.dsv'
[8.371s] INFO:colcon.colcon_core.shell:Creating environment hook '/home/youssef/GP_Project/install/pyserial_connection/share/pyserial_connection/hook/ament_prefix_path.sh'
[8.374s] INFO:colcon.colcon_core.shell:Skip shell extension 'powershell' for command environment: Not usable outside of PowerShell
[8.374s] DEBUG:colcon.colcon_core.shell:Skip shell extension 'dsv' for command environment
[9.310s] DEBUG:colcon.colcon_core.event_handler.log_command:Invoking command in '/home/youssef/GP_Project/build/my_car_ws': CMAKE_PREFIX_PATH=${CMAKE_PREFIX_PATH}:/home/youssef/GP_Project/install/pyserial_connection:/opt/ros/humble /usr/bin/cmake --build /home/youssef/GP_Project/build/my_car_ws -- -j8 -l8
[10.427s] INFO:colcon.colcon_core.task.python.build:Building Python package in '/home/youssef/GP_Project/src/pyserial_connection'
[10.427s] INFO:colcon.colcon_core.shell:Skip shell extension 'powershell' for command environment: Not usable outside of PowerShell
[10.427s] DEBUG:colcon.colcon_core.shell:Skip shell extension 'dsv' for command environment
[12.439s] DEBUG:colcon.colcon_core.event_handler.log_command:Invoking command in '/home/youssef/GP_Project/src/pyserial_connection': PYTHONPATH=/home/youssef/GP_Project/build/pyserial_connection/prefix_override:/usr/lib/python3/dist-packages/colcon_core/task/python/colcon_distutils_commands:/home/youssef/GP_Project/install/pyserial_connection/lib/python3.10/site-packages:${PYTHONPATH} /usr/bin/python3 -W ignore:setup.py install is deprecated -W ignore:easy_install command is deprecated setup.py egg_info --egg-base ../../build/pyserial_connection build --build-base /home/youssef/GP_Project/build/pyserial_connection/build install --record /home/youssef/GP_Project/build/pyserial_connection/install.log --single-version-externally-managed install_data
[13.131s] DEBUG:colcon.colcon_core.event_handler.log_command:Invoked command in '/home/youssef/GP_Project/src/pyserial_connection' returned '0': PYTHONPATH=/home/youssef/GP_Project/build/pyserial_connection/prefix_override:/usr/lib/python3/dist-packages/colcon_core/task/python/colcon_distutils_commands:/home/youssef/GP_Project/install/pyserial_connection/lib/python3.10/site-packages:${PYTHONPATH} /usr/bin/python3 -W ignore:setup.py install is deprecated -W ignore:easy_install command is deprecated setup.py egg_info --egg-base ../../build/pyserial_connection build --build-base /home/youssef/GP_Project/build/pyserial_connection/build install --record /home/youssef/GP_Project/build/pyserial_connection/install.log --single-version-externally-managed install_data
[13.785s] Level 1:colcon.colcon_core.environment:checking '/home/youssef/GP_Project/install/pyserial_connection' for CMake module files
[13.785s] Level 1:colcon.colcon_core.environment:checking '/home/youssef/GP_Project/install/pyserial_connection' for CMake config files
[13.786s] Level 1:colcon.colcon_core.environment:checking '/home/youssef/GP_Project/install/pyserial_connection/lib'
[13.786s] Level 1:colcon.colcon_core.environment:checking '/home/youssef/GP_Project/install/pyserial_connection/bin'
[13.786s] Level 1:colcon.colcon_core.environment:checking '/home/youssef/GP_Project/install/pyserial_connection/lib/pkgconfig/pyserial_connection.pc'
[13.787s] Level 1:colcon.colcon_core.environment:checking '/home/youssef/GP_Project/install/pyserial_connection/lib/python3.10/site-packages'
[13.787s] Level 1:colcon.colcon_core.shell:create_environment_hook('pyserial_connection', 'pythonpath')
[13.787s] INFO:colcon.colcon_core.shell:Creating environment hook '/home/youssef/GP_Project/install/pyserial_connection/share/pyserial_connection/hook/pythonpath.ps1'
[13.787s] INFO:colcon.colcon_core.shell:Creating environment descriptor '/home/youssef/GP_Project/install/pyserial_connection/share/pyserial_connection/hook/pythonpath.dsv'
[13.789s] INFO:colcon.colcon_core.shell:Creating environment hook '/home/youssef/GP_Project/install/pyserial_connection/share/pyserial_connection/hook/pythonpath.sh'
[13.790s] Level 1:colcon.colcon_core.environment:checking '/home/youssef/GP_Project/install/pyserial_connection/bin'
[13.790s] Level 1:colcon.colcon_core.environment:create_environment_scripts_only(pyserial_connection)
[13.790s] INFO:colcon.colcon_core.shell:Creating package script '/home/youssef/GP_Project/install/pyserial_connection/share/pyserial_connection/package.ps1'
[13.791s] INFO:colcon.colcon_core.shell:Creating package descriptor '/home/youssef/GP_Project/install/pyserial_connection/share/pyserial_connection/package.dsv'
[13.794s] INFO:colcon.colcon_core.shell:Creating package script '/home/youssef/GP_Project/install/pyserial_connection/share/pyserial_connection/package.sh'
[13.795s] INFO:colcon.colcon_core.shell:Creating package script '/home/youssef/GP_Project/install/pyserial_connection/share/pyserial_connection/package.bash'
[14.154s] INFO:colcon.colcon_core.shell:Creating package script '/home/youssef/GP_Project/install/pyserial_connection/share/pyserial_connection/package.zsh'
[14.314s] Level 1:colcon.colcon_core.environment:create_file_with_runtime_dependencies(/home/youssef/GP_Project/install/pyserial_connection/share/colcon-core/packages/pyserial_connection)
[18.223s] DEBUG:colcon.colcon_core.event_handler.log_command:Invoked command in '/home/youssef/GP_Project/build/my_car_ws' returned '0': CMAKE_PREFIX_PATH=${CMAKE_PREFIX_PATH}:/home/youssef/GP_Project/install/pyserial_connection:/opt/ros/humble /usr/bin/cmake --build /home/youssef/GP_Project/build/my_car_ws -- -j8 -l8
[18.360s] DEBUG:colcon.colcon_core.event_handler.log_command:Invoking command in '/home/youssef/GP_Project/build/my_car_ws': CMAKE_PREFIX_PATH=${CMAKE_PREFIX_PATH}:/home/youssef/GP_Project/install/pyserial_connection:/opt/ros/humble /usr/bin/cmake --install /home/youssef/GP_Project/build/my_car_ws
[18.541s] Level 1:colcon.colcon_core.environment:create_environment_scripts_only(my_car_ws)
[18.542s] Level 1:colcon.colcon_core.environment:checking '/home/youssef/GP_Project/install/my_car_ws' for CMake module files
[18.542s] DEBUG:colcon.colcon_core.event_handler.log_command:Invoked command in '/home/youssef/GP_Project/build/my_car_ws' returned '0': CMAKE_PREFIX_PATH=${CMAKE_PREFIX_PATH}:/home/youssef/GP_Project/install/pyserial_connection:/opt/ros/humble /usr/bin/cmake --install /home/youssef/GP_Project/build/my_car_ws
[18.543s] Level 1:colcon.colcon_core.environment:checking '/home/youssef/GP_Project/install/my_car_ws' for CMake config files
[18.555s] Level 1:colcon.colcon_core.shell:create_environment_hook('my_car_ws', 'cmake_prefix_path')
[18.556s] INFO:colcon.colcon_core.shell:Creating environment hook '/home/youssef/GP_Project/install/my_car_ws/share/my_car_ws/hook/cmake_prefix_path.ps1'
[18.557s] INFO:colcon.colcon_core.shell:Creating environment descriptor '/home/youssef/GP_Project/install/my_car_ws/share/my_car_ws/hook/cmake_prefix_path.dsv'
[18.557s] INFO:colcon.colcon_core.shell:Creating environment hook '/home/youssef/GP_Project/install/my_car_ws/share/my_car_ws/hook/cmake_prefix_path.sh'
[18.558s] Level 1:colcon.colcon_core.environment:checking '/home/youssef/GP_Project/install/my_car_ws/bin'
[18.558s] Level 1:colcon.colcon_core.environment:checking '/home/youssef/GP_Project/install/my_car_ws/lib/pkgconfig/my_car_ws.pc'
[18.558s] Level 1:colcon.colcon_core.environment:checking '/home/youssef/GP_Project/install/my_car_ws/lib/python3.10/site-packages'
[18.559s] Level 1:colcon.colcon_core.environment:checking '/home/youssef/GP_Project/install/my_car_ws/bin'
[18.559s] INFO:colcon.colcon_core.shell:Creating package script '/home/youssef/GP_Project/install/my_car_ws/share/my_car_ws/package.ps1'
[18.560s] INFO:colcon.colcon_core.shell:Creating package descriptor '/home/youssef/GP_Project/install/my_car_ws/share/my_car_ws/package.dsv'
[18.560s] INFO:colcon.colcon_core.shell:Creating package script '/home/youssef/GP_Project/install/my_car_ws/share/my_car_ws/package.sh'
[18.561s] INFO:colcon.colcon_core.shell:Creating package script '/home/youssef/GP_Project/install/my_car_ws/share/my_car_ws/package.bash'
[18.561s] INFO:colcon.colcon_core.shell:Creating package script '/home/youssef/GP_Project/install/my_car_ws/share/my_car_ws/package.zsh'
[18.562s] Level 1:colcon.colcon_core.environment:create_file_with_runtime_dependencies(/home/youssef/GP_Project/install/my_car_ws/share/colcon-core/packages/my_car_ws)
[18.562s] Level 1:colcon.colcon_core.environment:create_environment_scripts_only(my_car_ws)
[18.563s] Level 1:colcon.colcon_core.environment:checking '/home/youssef/GP_Project/install/my_car_ws' for CMake module files
[18.563s] Level 1:colcon.colcon_core.environment:checking '/home/youssef/GP_Project/install/my_car_ws' for CMake config files
[18.564s] Level 1:colcon.colcon_core.shell:create_environment_hook('my_car_ws', 'cmake_prefix_path')
[18.564s] INFO:colcon.colcon_core.shell:Creating environment hook '/home/youssef/GP_Project/install/my_car_ws/share/my_car_ws/hook/cmake_prefix_path.ps1'
[18.565s] INFO:colcon.colcon_core.shell:Creating environment descriptor '/home/youssef/GP_Project/install/my_car_ws/share/my_car_ws/hook/cmake_prefix_path.dsv'
[18.565s] INFO:colcon.colcon_core.shell:Creating environment hook '/home/youssef/GP_Project/install/my_car_ws/share/my_car_ws/hook/cmake_prefix_path.sh'
[18.566s] Level 1:colcon.colcon_core.environment:checking '/home/youssef/GP_Project/install/my_car_ws/bin'
[18.567s] Level 1:colcon.colcon_core.environment:checking '/home/youssef/GP_Project/install/my_car_ws/lib/pkgconfig/my_car_ws.pc'
[18.567s] Level 1:colcon.colcon_core.environment:checking '/home/youssef/GP_Project/install/my_car_ws/lib/python3.10/site-packages'
[18.567s] Level 1:colcon.colcon_core.environment:checking '/home/youssef/GP_Project/install/my_car_ws/bin'
[18.568s] INFO:colcon.colcon_core.shell:Creating package script '/home/youssef/GP_Project/install/my_car_ws/share/my_car_ws/package.ps1'
[18.568s] INFO:colcon.colcon_core.shell:Creating package descriptor '/home/youssef/GP_Project/install/my_car_ws/share/my_car_ws/package.dsv'
[18.569s] INFO:colcon.colcon_core.shell:Creating package script '/home/youssef/GP_Project/install/my_car_ws/share/my_car_ws/package.sh'
[18.570s] INFO:colcon.colcon_core.shell:Creating package script '/home/youssef/GP_Project/install/my_car_ws/share/my_car_ws/package.bash'
[18.571s] INFO:colcon.colcon_core.shell:Creating package script '/home/youssef/GP_Project/install/my_car_ws/share/my_car_ws/package.zsh'
[18.571s] Level 1:colcon.colcon_core.environment:create_file_with_runtime_dependencies(/home/youssef/GP_Project/install/my_car_ws/share/colcon-core/packages/my_car_ws)
[18.572s] DEBUG:colcon.colcon_parallel_executor.executor.parallel:closing loop
[18.573s] DEBUG:colcon.colcon_parallel_executor.executor.parallel:loop closed
[18.573s] DEBUG:colcon.colcon_parallel_executor.executor.parallel:run_until_complete finished with '0'
[18.573s] DEBUG:colcon.colcon_core.event_reactor:joining thread
[18.696s] INFO:colcon.colcon_core.plugin_system:Skipping extension 'colcon_notification.desktop_notification.terminal_notifier': Not used on non-Darwin systems
[18.696s] INFO:colcon.colcon_core.plugin_system:Skipping extension 'colcon_notification.desktop_notification.win32': Not used on non-Windows systems
[18.696s] INFO:colcon.colcon_notification.desktop_notification:Sending desktop notification using 'notify2'
[18.720s] DEBUG:colcon.colcon_core.event_reactor:joined thread
[18.720s] INFO:colcon.colcon_core.shell:Creating prefix script '/home/youssef/GP_Project/install/local_setup.ps1'
[18.743s] INFO:colcon.colcon_core.shell:Creating prefix util module '/home/youssef/GP_Project/install/_local_setup_util_ps1.py'
[18.763s] INFO:colcon.colcon_core.shell:Creating prefix chain script '/home/youssef/GP_Project/install/setup.ps1'
[18.765s] INFO:colcon.colcon_core.shell:Creating prefix script '/home/youssef/GP_Project/install/local_setup.sh'
[18.773s] INFO:colcon.colcon_core.shell:Creating prefix util module '/home/youssef/GP_Project/install/_local_setup_util_sh.py'
[18.774s] INFO:colcon.colcon_core.shell:Creating prefix chain script '/home/youssef/GP_Project/install/setup.sh'
[18.775s] INFO:colcon.colcon_core.shell:Creating prefix script '/home/youssef/GP_Project/install/local_setup.bash'
[18.800s] INFO:colcon.colcon_core.shell:Creating prefix chain script '/home/youssef/GP_Project/install/setup.bash'
[18.801s] INFO:colcon.colcon_core.shell:Creating prefix script '/home/youssef/GP_Project/install/local_setup.zsh'
[18.826s] INFO:colcon.colcon_core.shell:Creating prefix chain script '/home/youssef/GP_Project/install/setup.zsh'
