[1.112s] DEBUG:colcon:Command line arguments: ['/usr/bin/colcon', 'build']
[1.113s] DEBUG:colcon:Parsed command line arguments: Namespace(log_base=None, log_level=None, verb_name='build', build_base='build', install_base='install', merge_install=False, symlink_install=False, test_result_base=None, continue_on_error=False, executor='parallel', parallel_workers=8, event_handlers=None, ignore_user_meta=False, metas=['./colcon.meta'], base_paths=['.'], packages_ignore=None, packages_ignore_regex=None, paths=None, packages_up_to=None, packages_up_to_regex=None, packages_above=None, packages_above_and_dependencies=None, packages_above_depth=None, packages_select_by_dep=None, packages_skip_by_dep=None, packages_skip_up_to=None, packages_select_build_failed=False, packages_skip_build_finished=False, packages_select_test_failures=False, packages_skip_test_passed=False, packages_select=None, packages_skip=None, packages_select_regex=None, packages_skip_regex=None, packages_start=None, packages_end=None, allow_overriding=[], cmake_args=None, cmake_target=None, cmake_target_skip_unavailable=False, cmake_clean_cache=False, cmake_clean_first=False, cmake_force_configure=False, ament_cmake_args=None, catkin_cmake_args=None, catkin_skip_building_tests=False, mixin_files=None, mixin=None, verb_parser=<colcon_mixin.mixin.mixin_argument.MixinArgumentDecorator object at 0x728175a594b0>, verb_extension=<colcon_core.verb.build.BuildVerb object at 0x728175a58e50>, main=<bound method BuildVerb.main of <colcon_core.verb.build.BuildVerb object at 0x728175a58e50>>, mixin_verb=('build',))
[7.452s] Level 1:colcon.colcon_core.package_discovery:discover_packages(colcon_meta) check parameters
[7.452s] Level 1:colcon.colcon_core.package_discovery:discover_packages(recursive) check parameters
[7.452s] Level 1:colcon.colcon_core.package_discovery:discover_packages(ignore) check parameters
[7.452s] Level 1:colcon.colcon_core.package_discovery:discover_packages(path) check parameters
[7.452s] Level 1:colcon.colcon_core.package_discovery:discover_packages(colcon_meta) discover
[7.453s] Level 1:colcon.colcon_core.package_discovery:discover_packages(recursive) discover
[7.453s] INFO:colcon.colcon_core.package_discovery:Crawling recursively for packages in '/home/youssef/GP_Project'
[7.453s] Level 1:colcon.colcon_core.package_identification:_identify(.) by extensions ['ignore', 'ignore_ament_install']
[7.453s] Level 1:colcon.colcon_core.package_identification:_identify(.) by extension 'ignore'
[7.454s] Level 1:colcon.colcon_core.package_identification:_identify(.) by extension 'ignore_ament_install'
[7.454s] Level 1:colcon.colcon_core.package_identification:_identify(.) by extensions ['colcon_pkg']
[7.454s] Level 1:colcon.colcon_core.package_identification:_identify(.) by extension 'colcon_pkg'
[7.454s] Level 1:colcon.colcon_core.package_identification:_identify(.) by extensions ['colcon_meta']
[7.454s] Level 1:colcon.colcon_core.package_identification:_identify(.) by extension 'colcon_meta'
[7.455s] Level 1:colcon.colcon_core.package_identification:_identify(.) by extensions ['ros']
[7.455s] Level 1:colcon.colcon_core.package_identification:_identify(.) by extension 'ros'
[7.488s] Level 1:colcon.colcon_core.package_identification:_identify(.) by extensions ['cmake', 'python']
[7.488s] Level 1:colcon.colcon_core.package_identification:_identify(.) by extension 'cmake'
[7.488s] Level 1:colcon.colcon_core.package_identification:_identify(.) by extension 'python'
[7.488s] Level 1:colcon.colcon_core.package_identification:_identify(.) by extensions ['python_setup_py']
[7.488s] Level 1:colcon.colcon_core.package_identification:_identify(.) by extension 'python_setup_py'
[7.488s] Level 1:colcon.colcon_core.package_identification:_identify(build) by extensions ['ignore', 'ignore_ament_install']
[7.488s] Level 1:colcon.colcon_core.package_identification:_identify(build) by extension 'ignore'
[7.488s] Level 1:colcon.colcon_core.package_identification:_identify(build) ignored
[7.489s] Level 1:colcon.colcon_core.package_identification:_identify(install) by extensions ['ignore', 'ignore_ament_install']
[7.489s] Level 1:colcon.colcon_core.package_identification:_identify(install) by extension 'ignore'
[7.489s] Level 1:colcon.colcon_core.package_identification:_identify(install) ignored
[7.489s] Level 1:colcon.colcon_core.package_identification:_identify(log) by extensions ['ignore', 'ignore_ament_install']
[7.489s] Level 1:colcon.colcon_core.package_identification:_identify(log) by extension 'ignore'
[7.489s] Level 1:colcon.colcon_core.package_identification:_identify(log) ignored
[7.489s] Level 1:colcon.colcon_core.package_identification:_identify(src) by extensions ['ignore', 'ignore_ament_install']
[7.489s] Level 1:colcon.colcon_core.package_identification:_identify(src) by extension 'ignore'
[7.490s] Level 1:colcon.colcon_core.package_identification:_identify(src) by extension 'ignore_ament_install'
[7.490s] Level 1:colcon.colcon_core.package_identification:_identify(src) by extensions ['colcon_pkg']
[7.490s] Level 1:colcon.colcon_core.package_identification:_identify(src) by extension 'colcon_pkg'
[7.490s] Level 1:colcon.colcon_core.package_identification:_identify(src) by extensions ['colcon_meta']
[7.490s] Level 1:colcon.colcon_core.package_identification:_identify(src) by extension 'colcon_meta'
[7.490s] Level 1:colcon.colcon_core.package_identification:_identify(src) by extensions ['ros']
[7.490s] Level 1:colcon.colcon_core.package_identification:_identify(src) by extension 'ros'
[7.490s] Level 1:colcon.colcon_core.package_identification:_identify(src) by extensions ['cmake', 'python']
[7.490s] Level 1:colcon.colcon_core.package_identification:_identify(src) by extension 'cmake'
[7.490s] Level 1:colcon.colcon_core.package_identification:_identify(src) by extension 'python'
[7.490s] Level 1:colcon.colcon_core.package_identification:_identify(src) by extensions ['python_setup_py']
[7.490s] Level 1:colcon.colcon_core.package_identification:_identify(src) by extension 'python_setup_py'
[7.526s] Level 1:colcon.colcon_core.package_identification:_identify(src/my_car_ws) by extensions ['ignore', 'ignore_ament_install']
[7.527s] Level 1:colcon.colcon_core.package_identification:_identify(src/my_car_ws) by extension 'ignore'
[7.527s] Level 1:colcon.colcon_core.package_identification:_identify(src/my_car_ws) by extension 'ignore_ament_install'
[7.527s] Level 1:colcon.colcon_core.package_identification:_identify(src/my_car_ws) by extensions ['colcon_pkg']
[7.527s] Level 1:colcon.colcon_core.package_identification:_identify(src/my_car_ws) by extension 'colcon_pkg'
[7.527s] Level 1:colcon.colcon_core.package_identification:_identify(src/my_car_ws) by extensions ['colcon_meta']
[7.527s] Level 1:colcon.colcon_core.package_identification:_identify(src/my_car_ws) by extension 'colcon_meta'
[7.528s] Level 1:colcon.colcon_core.package_identification:_identify(src/my_car_ws) by extensions ['ros']
[7.528s] Level 1:colcon.colcon_core.package_identification:_identify(src/my_car_ws) by extension 'ros'
[7.687s] DEBUG:colcon.colcon_core.package_identification:Package 'src/my_car_ws' with type 'ros.ament_cmake' and name 'my_car_ws'
[7.688s] Level 1:colcon.colcon_core.package_identification:_identify(src/pyserial_connection) by extensions ['ignore', 'ignore_ament_install']
[7.688s] Level 1:colcon.colcon_core.package_identification:_identify(src/pyserial_connection) by extension 'ignore'
[7.688s] Level 1:colcon.colcon_core.package_identification:_identify(src/pyserial_connection) by extension 'ignore_ament_install'
[7.689s] Level 1:colcon.colcon_core.package_identification:_identify(src/pyserial_connection) by extensions ['colcon_pkg']
[7.689s] Level 1:colcon.colcon_core.package_identification:_identify(src/pyserial_connection) by extension 'colcon_pkg'
[7.689s] Level 1:colcon.colcon_core.package_identification:_identify(src/pyserial_connection) by extensions ['colcon_meta']
[7.689s] Level 1:colcon.colcon_core.package_identification:_identify(src/pyserial_connection) by extension 'colcon_meta'
[7.689s] Level 1:colcon.colcon_core.package_identification:_identify(src/pyserial_connection) by extensions ['ros']
[7.689s] Level 1:colcon.colcon_core.package_identification:_identify(src/pyserial_connection) by extension 'ros'
[7.692s] DEBUG:colcon.colcon_core.package_identification:Package 'src/pyserial_connection' with type 'ros.ament_python' and name 'pyserial_connection'
[7.692s] Level 1:colcon.colcon_core.package_discovery:discover_packages(recursive) using defaults
[7.692s] Level 1:colcon.colcon_core.package_discovery:discover_packages(ignore) discover
[7.692s] Level 1:colcon.colcon_core.package_discovery:discover_packages(ignore) using defaults
[7.692s] Level 1:colcon.colcon_core.package_discovery:discover_packages(path) discover
[7.692s] Level 1:colcon.colcon_core.package_discovery:discover_packages(path) using defaults
[8.081s] Level 1:colcon.colcon_core.package_discovery:discover_packages(prefix_path) check parameters
[8.081s] Level 1:colcon.colcon_core.package_discovery:discover_packages(prefix_path) discover
[8.090s] DEBUG:colcon.colcon_installed_package_information.package_discovery:Found 1 installed packages in /home/youssef/GP_Project/install
[8.094s] DEBUG:colcon.colcon_installed_package_information.package_discovery:Found 288 installed packages in /opt/ros/humble
[8.100s] Level 1:colcon.colcon_core.package_discovery:discover_packages(prefix_path) using defaults
[8.394s] Level 5:colcon.colcon_core.verb:set package 'my_car_ws' build argument 'cmake_args' from command line to 'None'
[8.394s] Level 5:colcon.colcon_core.verb:set package 'my_car_ws' build argument 'cmake_target' from command line to 'None'
[8.395s] Level 5:colcon.colcon_core.verb:set package 'my_car_ws' build argument 'cmake_target_skip_unavailable' from command line to 'False'
[8.395s] Level 5:colcon.colcon_core.verb:set package 'my_car_ws' build argument 'cmake_clean_cache' from command line to 'False'
[8.395s] Level 5:colcon.colcon_core.verb:set package 'my_car_ws' build argument 'cmake_clean_first' from command line to 'False'
[8.395s] Level 5:colcon.colcon_core.verb:set package 'my_car_ws' build argument 'cmake_force_configure' from command line to 'False'
[8.395s] Level 5:colcon.colcon_core.verb:set package 'my_car_ws' build argument 'ament_cmake_args' from command line to 'None'
[8.395s] Level 5:colcon.colcon_core.verb:set package 'my_car_ws' build argument 'catkin_cmake_args' from command line to 'None'
[8.395s] Level 5:colcon.colcon_core.verb:set package 'my_car_ws' build argument 'catkin_skip_building_tests' from command line to 'False'
[8.395s] DEBUG:colcon.colcon_core.verb:Building package 'my_car_ws' with the following arguments: {'ament_cmake_args': None, 'build_base': '/home/youssef/GP_Project/build/my_car_ws', 'catkin_cmake_args': None, 'catkin_skip_building_tests': False, 'cmake_args': None, 'cmake_clean_cache': False, 'cmake_clean_first': False, 'cmake_force_configure': False, 'cmake_target': None, 'cmake_target_skip_unavailable': False, 'install_base': '/home/youssef/GP_Project/install/my_car_ws', 'merge_install': False, 'path': '/home/youssef/GP_Project/src/my_car_ws', 'symlink_install': False, 'test_result_base': None}
[8.395s] Level 5:colcon.colcon_core.verb:set package 'pyserial_connection' build argument 'cmake_args' from command line to 'None'
[8.395s] Level 5:colcon.colcon_core.verb:set package 'pyserial_connection' build argument 'cmake_target' from command line to 'None'
[8.395s] Level 5:colcon.colcon_core.verb:set package 'pyserial_connection' build argument 'cmake_target_skip_unavailable' from command line to 'False'
[8.395s] Level 5:colcon.colcon_core.verb:set package 'pyserial_connection' build argument 'cmake_clean_cache' from command line to 'False'
[8.395s] Level 5:colcon.colcon_core.verb:set package 'pyserial_connection' build argument 'cmake_clean_first' from command line to 'False'
[8.395s] Level 5:colcon.colcon_core.verb:set package 'pyserial_connection' build argument 'cmake_force_configure' from command line to 'False'
[8.395s] Level 5:colcon.colcon_core.verb:set package 'pyserial_connection' build argument 'ament_cmake_args' from command line to 'None'
[8.395s] Level 5:colcon.colcon_core.verb:set package 'pyserial_connection' build argument 'catkin_cmake_args' from command line to 'None'
[8.395s] Level 5:colcon.colcon_core.verb:set package 'pyserial_connection' build argument 'catkin_skip_building_tests' from command line to 'False'
[8.395s] DEBUG:colcon.colcon_core.verb:Building package 'pyserial_connection' with the following arguments: {'ament_cmake_args': None, 'build_base': '/home/youssef/GP_Project/build/pyserial_connection', 'catkin_cmake_args': None, 'catkin_skip_building_tests': False, 'cmake_args': None, 'cmake_clean_cache': False, 'cmake_clean_first': False, 'cmake_force_configure': False, 'cmake_target': None, 'cmake_target_skip_unavailable': False, 'install_base': '/home/youssef/GP_Project/install/pyserial_connection', 'merge_install': False, 'path': '/home/youssef/GP_Project/src/pyserial_connection', 'symlink_install': False, 'test_result_base': None}
[8.395s] INFO:colcon.colcon_core.executor:Executing jobs using 'parallel' executor
[8.396s] DEBUG:colcon.colcon_parallel_executor.executor.parallel:run_until_complete
[8.397s] INFO:colcon.colcon_ros.task.ament_cmake.build:Building ROS package in '/home/youssef/GP_Project/src/my_car_ws' with build type 'ament_cmake'
[8.397s] INFO:colcon.colcon_cmake.task.cmake.build:Building CMake package in '/home/youssef/GP_Project/src/my_car_ws'
[8.419s] INFO:colcon.colcon_core.plugin_system:Skipping extension 'colcon_core.shell.bat': Not used on non-Windows systems
[8.419s] INFO:colcon.colcon_core.shell:Skip shell extension 'powershell' for command environment: Not usable outside of PowerShell
[8.419s] DEBUG:colcon.colcon_core.shell:Skip shell extension 'dsv' for command environment
[8.441s] INFO:colcon.colcon_ros.task.ament_python.build:Building ROS package in '/home/youssef/GP_Project/src/pyserial_connection' with build type 'ament_python'
[8.441s] Level 1:colcon.colcon_core.shell:create_environment_hook('pyserial_connection', 'ament_prefix_path')
[8.442s] INFO:colcon.colcon_core.shell:Creating environment hook '/home/youssef/GP_Project/install/pyserial_connection/share/pyserial_connection/hook/ament_prefix_path.ps1'
[8.453s] INFO:colcon.colcon_core.shell:Creating environment descriptor '/home/youssef/GP_Project/install/pyserial_connection/share/pyserial_connection/hook/ament_prefix_path.dsv'
[8.455s] INFO:colcon.colcon_core.shell:Creating environment hook '/home/youssef/GP_Project/install/pyserial_connection/share/pyserial_connection/hook/ament_prefix_path.sh'
[8.458s] INFO:colcon.colcon_core.shell:Skip shell extension 'powershell' for command environment: Not usable outside of PowerShell
[8.458s] DEBUG:colcon.colcon_core.shell:Skip shell extension 'dsv' for command environment
[8.537s] DEBUG:colcon.colcon_core.event_handler.log_command:Invoking command in '/home/youssef/GP_Project/build/my_car_ws': CMAKE_PREFIX_PATH=${CMAKE_PREFIX_PATH}:/opt/ros/humble /usr/bin/cmake --build /home/youssef/GP_Project/build/my_car_ws -- -j8 -l8
[8.966s] INFO:colcon.colcon_core.task.python.build:Building Python package in '/home/youssef/GP_Project/src/pyserial_connection'
[8.967s] INFO:colcon.colcon_core.shell:Skip shell extension 'powershell' for command environment: Not usable outside of PowerShell
[8.967s] DEBUG:colcon.colcon_core.shell:Skip shell extension 'dsv' for command environment
[9.748s] DEBUG:colcon.colcon_core.event_handler.log_command:Invoking command in '/home/youssef/GP_Project/src/pyserial_connection': PYTHONPATH=/home/youssef/GP_Project/build/pyserial_connection/prefix_override:/usr/lib/python3/dist-packages/colcon_core/task/python/colcon_distutils_commands:/home/youssef/GP_Project/install/pyserial_connection/lib/python3.10/site-packages:${PYTHONPATH} /usr/bin/python3 -W ignore:setup.py install is deprecated -W ignore:easy_install command is deprecated setup.py egg_info --egg-base ../../build/pyserial_connection build --build-base /home/youssef/GP_Project/build/pyserial_connection/build install --record /home/youssef/GP_Project/build/pyserial_connection/install.log --single-version-externally-managed install_data
[9.986s] DEBUG:colcon.colcon_core.event_handler.log_command:Invoked command in '/home/youssef/GP_Project/build/my_car_ws' returned '0': CMAKE_PREFIX_PATH=${CMAKE_PREFIX_PATH}:/opt/ros/humble /usr/bin/cmake --build /home/youssef/GP_Project/build/my_car_ws -- -j8 -l8
[10.073s] DEBUG:colcon.colcon_core.event_handler.log_command:Invoking command in '/home/youssef/GP_Project/build/my_car_ws': CMAKE_PREFIX_PATH=${CMAKE_PREFIX_PATH}:/opt/ros/humble /usr/bin/cmake --install /home/youssef/GP_Project/build/my_car_ws
[10.075s] DEBUG:colcon.colcon_core.event_handler.log_command:Invoked command in '/home/youssef/GP_Project/src/pyserial_connection' returned '0': PYTHONPATH=/home/youssef/GP_Project/build/pyserial_connection/prefix_override:/usr/lib/python3/dist-packages/colcon_core/task/python/colcon_distutils_commands:/home/youssef/GP_Project/install/pyserial_connection/lib/python3.10/site-packages:${PYTHONPATH} /usr/bin/python3 -W ignore:setup.py install is deprecated -W ignore:easy_install command is deprecated setup.py egg_info --egg-base ../../build/pyserial_connection build --build-base /home/youssef/GP_Project/build/pyserial_connection/build install --record /home/youssef/GP_Project/build/pyserial_connection/install.log --single-version-externally-managed install_data
[10.099s] Level 1:colcon.colcon_core.environment:checking '/home/youssef/GP_Project/install/pyserial_connection' for CMake module files
[10.100s] Level 1:colcon.colcon_core.environment:checking '/home/youssef/GP_Project/install/pyserial_connection' for CMake config files
[10.101s] Level 1:colcon.colcon_core.environment:checking '/home/youssef/GP_Project/install/pyserial_connection/lib'
[10.101s] Level 1:colcon.colcon_core.environment:checking '/home/youssef/GP_Project/install/pyserial_connection/bin'
[10.101s] Level 1:colcon.colcon_core.environment:checking '/home/youssef/GP_Project/install/pyserial_connection/lib/pkgconfig/pyserial_connection.pc'
[10.101s] Level 1:colcon.colcon_core.environment:checking '/home/youssef/GP_Project/install/pyserial_connection/lib/python3.10/site-packages'
[10.101s] Level 1:colcon.colcon_core.shell:create_environment_hook('pyserial_connection', 'pythonpath')
[10.102s] INFO:colcon.colcon_core.shell:Creating environment hook '/home/youssef/GP_Project/install/pyserial_connection/share/pyserial_connection/hook/pythonpath.ps1'
[10.102s] INFO:colcon.colcon_core.shell:Creating environment descriptor '/home/youssef/GP_Project/install/pyserial_connection/share/pyserial_connection/hook/pythonpath.dsv'
[10.103s] INFO:colcon.colcon_core.shell:Creating environment hook '/home/youssef/GP_Project/install/pyserial_connection/share/pyserial_connection/hook/pythonpath.sh'
[10.103s] Level 1:colcon.colcon_core.environment:checking '/home/youssef/GP_Project/install/pyserial_connection/bin'
[10.104s] Level 1:colcon.colcon_core.environment:create_environment_scripts_only(pyserial_connection)
[10.104s] INFO:colcon.colcon_core.shell:Creating package script '/home/youssef/GP_Project/install/pyserial_connection/share/pyserial_connection/package.ps1'
[10.105s] INFO:colcon.colcon_core.shell:Creating package descriptor '/home/youssef/GP_Project/install/pyserial_connection/share/pyserial_connection/package.dsv'
[10.106s] INFO:colcon.colcon_core.shell:Creating package script '/home/youssef/GP_Project/install/pyserial_connection/share/pyserial_connection/package.sh'
[10.108s] INFO:colcon.colcon_core.shell:Creating package script '/home/youssef/GP_Project/install/pyserial_connection/share/pyserial_connection/package.bash'
[10.137s] INFO:colcon.colcon_core.shell:Creating package script '/home/youssef/GP_Project/install/pyserial_connection/share/pyserial_connection/package.zsh'
[10.151s] Level 1:colcon.colcon_core.environment:create_file_with_runtime_dependencies(/home/youssef/GP_Project/install/pyserial_connection/share/colcon-core/packages/pyserial_connection)
[10.276s] Level 1:colcon.colcon_core.environment:create_environment_scripts_only(my_car_ws)
[10.277s] Level 1:colcon.colcon_core.environment:checking '/home/youssef/GP_Project/install/my_car_ws' for CMake module files
[10.278s] DEBUG:colcon.colcon_core.event_handler.log_command:Invoked command in '/home/youssef/GP_Project/build/my_car_ws' returned '0': CMAKE_PREFIX_PATH=${CMAKE_PREFIX_PATH}:/opt/ros/humble /usr/bin/cmake --install /home/youssef/GP_Project/build/my_car_ws
[10.279s] Level 1:colcon.colcon_core.environment:checking '/home/youssef/GP_Project/install/my_car_ws' for CMake config files
[10.296s] Level 1:colcon.colcon_core.shell:create_environment_hook('my_car_ws', 'cmake_prefix_path')
[10.297s] INFO:colcon.colcon_core.shell:Creating environment hook '/home/youssef/GP_Project/install/my_car_ws/share/my_car_ws/hook/cmake_prefix_path.ps1'
[10.297s] INFO:colcon.colcon_core.shell:Creating environment descriptor '/home/youssef/GP_Project/install/my_car_ws/share/my_car_ws/hook/cmake_prefix_path.dsv'
[10.298s] INFO:colcon.colcon_core.shell:Creating environment hook '/home/youssef/GP_Project/install/my_car_ws/share/my_car_ws/hook/cmake_prefix_path.sh'
[10.298s] Level 1:colcon.colcon_core.environment:checking '/home/youssef/GP_Project/install/my_car_ws/bin'
[10.298s] Level 1:colcon.colcon_core.environment:checking '/home/youssef/GP_Project/install/my_car_ws/lib/pkgconfig/my_car_ws.pc'
[10.298s] Level 1:colcon.colcon_core.environment:checking '/home/youssef/GP_Project/install/my_car_ws/lib/python3.10/site-packages'
[10.299s] Level 1:colcon.colcon_core.environment:checking '/home/youssef/GP_Project/install/my_car_ws/bin'
[10.299s] INFO:colcon.colcon_core.shell:Creating package script '/home/youssef/GP_Project/install/my_car_ws/share/my_car_ws/package.ps1'
[10.299s] INFO:colcon.colcon_core.shell:Creating package descriptor '/home/youssef/GP_Project/install/my_car_ws/share/my_car_ws/package.dsv'
[10.300s] INFO:colcon.colcon_core.shell:Creating package script '/home/youssef/GP_Project/install/my_car_ws/share/my_car_ws/package.sh'
[10.300s] INFO:colcon.colcon_core.shell:Creating package script '/home/youssef/GP_Project/install/my_car_ws/share/my_car_ws/package.bash'
[10.300s] INFO:colcon.colcon_core.shell:Creating package script '/home/youssef/GP_Project/install/my_car_ws/share/my_car_ws/package.zsh'
[10.301s] Level 1:colcon.colcon_core.environment:create_file_with_runtime_dependencies(/home/youssef/GP_Project/install/my_car_ws/share/colcon-core/packages/my_car_ws)
[10.301s] Level 1:colcon.colcon_core.environment:create_environment_scripts_only(my_car_ws)
[10.302s] Level 1:colcon.colcon_core.environment:checking '/home/youssef/GP_Project/install/my_car_ws' for CMake module files
[10.302s] Level 1:colcon.colcon_core.environment:checking '/home/youssef/GP_Project/install/my_car_ws' for CMake config files
[10.303s] Level 1:colcon.colcon_core.shell:create_environment_hook('my_car_ws', 'cmake_prefix_path')
[10.303s] INFO:colcon.colcon_core.shell:Creating environment hook '/home/youssef/GP_Project/install/my_car_ws/share/my_car_ws/hook/cmake_prefix_path.ps1'
[10.303s] INFO:colcon.colcon_core.shell:Creating environment descriptor '/home/youssef/GP_Project/install/my_car_ws/share/my_car_ws/hook/cmake_prefix_path.dsv'
[10.304s] INFO:colcon.colcon_core.shell:Creating environment hook '/home/youssef/GP_Project/install/my_car_ws/share/my_car_ws/hook/cmake_prefix_path.sh'
[10.304s] Level 1:colcon.colcon_core.environment:checking '/home/youssef/GP_Project/install/my_car_ws/bin'
[10.304s] Level 1:colcon.colcon_core.environment:checking '/home/youssef/GP_Project/install/my_car_ws/lib/pkgconfig/my_car_ws.pc'
[10.304s] Level 1:colcon.colcon_core.environment:checking '/home/youssef/GP_Project/install/my_car_ws/lib/python3.10/site-packages'
[10.305s] Level 1:colcon.colcon_core.environment:checking '/home/youssef/GP_Project/install/my_car_ws/bin'
[10.305s] INFO:colcon.colcon_core.shell:Creating package script '/home/youssef/GP_Project/install/my_car_ws/share/my_car_ws/package.ps1'
[10.305s] INFO:colcon.colcon_core.shell:Creating package descriptor '/home/youssef/GP_Project/install/my_car_ws/share/my_car_ws/package.dsv'
[10.306s] INFO:colcon.colcon_core.shell:Creating package script '/home/youssef/GP_Project/install/my_car_ws/share/my_car_ws/package.sh'
[10.306s] INFO:colcon.colcon_core.shell:Creating package script '/home/youssef/GP_Project/install/my_car_ws/share/my_car_ws/package.bash'
[10.307s] INFO:colcon.colcon_core.shell:Creating package script '/home/youssef/GP_Project/install/my_car_ws/share/my_car_ws/package.zsh'
[10.307s] Level 1:colcon.colcon_core.environment:create_file_with_runtime_dependencies(/home/youssef/GP_Project/install/my_car_ws/share/colcon-core/packages/my_car_ws)
[10.307s] DEBUG:colcon.colcon_parallel_executor.executor.parallel:closing loop
[10.308s] DEBUG:colcon.colcon_parallel_executor.executor.parallel:loop closed
[10.308s] DEBUG:colcon.colcon_parallel_executor.executor.parallel:run_until_complete finished with '0'
[10.308s] DEBUG:colcon.colcon_core.event_reactor:joining thread
[10.320s] INFO:colcon.colcon_core.plugin_system:Skipping extension 'colcon_notification.desktop_notification.terminal_notifier': Not used on non-Darwin systems
[10.320s] INFO:colcon.colcon_core.plugin_system:Skipping extension 'colcon_notification.desktop_notification.win32': Not used on non-Windows systems
[10.320s] INFO:colcon.colcon_notification.desktop_notification:Sending desktop notification using 'notify2'
[10.347s] DEBUG:colcon.colcon_core.event_reactor:joined thread
[10.347s] INFO:colcon.colcon_core.shell:Creating prefix script '/home/youssef/GP_Project/install/local_setup.ps1'
[10.349s] INFO:colcon.colcon_core.shell:Creating prefix util module '/home/youssef/GP_Project/install/_local_setup_util_ps1.py'
[10.351s] INFO:colcon.colcon_core.shell:Creating prefix chain script '/home/youssef/GP_Project/install/setup.ps1'
[10.352s] INFO:colcon.colcon_core.shell:Creating prefix script '/home/youssef/GP_Project/install/local_setup.sh'
[10.355s] INFO:colcon.colcon_core.shell:Creating prefix util module '/home/youssef/GP_Project/install/_local_setup_util_sh.py'
[10.355s] INFO:colcon.colcon_core.shell:Creating prefix chain script '/home/youssef/GP_Project/install/setup.sh'
[10.357s] INFO:colcon.colcon_core.shell:Creating prefix script '/home/youssef/GP_Project/install/local_setup.bash'
[10.358s] INFO:colcon.colcon_core.shell:Creating prefix chain script '/home/youssef/GP_Project/install/setup.bash'
[10.359s] INFO:colcon.colcon_core.shell:Creating prefix script '/home/youssef/GP_Project/install/local_setup.zsh'
[10.360s] INFO:colcon.colcon_core.shell:Creating prefix chain script '/home/youssef/GP_Project/install/setup.zsh'
