running egg_info
writing ../../build/pyserial_connection/pyserial_connection.egg-info/PKG-INFO
writing dependency_links to ../../build/pyserial_connection/pyserial_connection.egg-info/dependency_links.txt
writing entry points to ../../build/pyserial_connection/pyserial_connection.egg-info/entry_points.txt
writing requirements to ../../build/pyserial_connection/pyserial_connection.egg-info/requires.txt
writing top-level names to ../../build/pyserial_connection/pyserial_connection.egg-info/top_level.txt
reading manifest file '../../build/pyserial_connection/pyserial_connection.egg-info/SOURCES.txt'
writing manifest file '../../build/pyserial_connection/pyserial_connection.egg-info/SOURCES.txt'
running build
running build_py
running install
running install_lib
running install_data
running install_egg_info
removing '/home/youssef/GP_Project/install/pyserial_connection/lib/python3.10/site-packages/pyserial_connection-0.0.0-py3.10.egg-info' (and everything under it)
Copying ../../build/pyserial_connection/pyserial_connection.egg-info to /home/youssef/GP_Project/install/pyserial_connection/lib/python3.10/site-packages/pyserial_connection-0.0.0-py3.10.egg-info
running install_scripts
Installing motor_controller script to /home/youssef/GP_Project/install/pyserial_connection/lib/pyserial_connection
Installing motor_receiver script to /home/youssef/GP_Project/install/pyserial_connection/lib/pyserial_connection
writing list of installed files to '/home/youssef/GP_Project/build/pyserial_connection/install.log'
