[1.436s] DEBUG:colcon:Command line arguments: ['/usr/bin/colcon', 'build', '--symlink-install']
[1.436s] DEBUG:colcon:Parsed command line arguments: Namespace(log_base=None, log_level=None, verb_name='build', build_base='build', install_base='install', merge_install=False, symlink_install=True, test_result_base=None, continue_on_error=False, executor='parallel', parallel_workers=8, event_handlers=None, ignore_user_meta=False, metas=['./colcon.meta'], base_paths=['.'], packages_ignore=None, packages_ignore_regex=None, paths=None, packages_up_to=None, packages_up_to_regex=None, packages_above=None, packages_above_and_dependencies=None, packages_above_depth=None, packages_select_by_dep=None, packages_skip_by_dep=None, packages_skip_up_to=None, packages_select_build_failed=False, packages_skip_build_finished=False, packages_select_test_failures=False, packages_skip_test_passed=False, packages_select=None, packages_skip=None, packages_select_regex=None, packages_skip_regex=None, packages_start=None, packages_end=None, allow_overriding=[], cmake_args=None, cmake_target=None, cmake_target_skip_unavailable=False, cmake_clean_cache=False, cmake_clean_first=False, cmake_force_configure=False, ament_cmake_args=None, catkin_cmake_args=None, catkin_skip_building_tests=False, mixin_files=None, mixin=None, verb_parser=<colcon_mixin.mixin.mixin_argument.MixinArgumentDecorator object at 0x78babadf51b0>, verb_extension=<colcon_core.verb.build.BuildVerb object at 0x78babadf4b50>, main=<bound method BuildVerb.main of <colcon_core.verb.build.BuildVerb object at 0x78babadf4b50>>, mixin_verb=('build',))
[1.739s] Level 1:colcon.colcon_core.package_discovery:discover_packages(colcon_meta) check parameters
[1.739s] Level 1:colcon.colcon_core.package_discovery:discover_packages(recursive) check parameters
[1.739s] Level 1:colcon.colcon_core.package_discovery:discover_packages(ignore) check parameters
[1.739s] Level 1:colcon.colcon_core.package_discovery:discover_packages(path) check parameters
[1.739s] Level 1:colcon.colcon_core.package_discovery:discover_packages(colcon_meta) discover
[1.739s] Level 1:colcon.colcon_core.package_discovery:discover_packages(recursive) discover
[1.739s] INFO:colcon.colcon_core.package_discovery:Crawling recursively for packages in '/home/youssef/GP_Project'
[1.739s] Level 1:colcon.colcon_core.package_identification:_identify(.) by extensions ['ignore', 'ignore_ament_install']
[1.739s] Level 1:colcon.colcon_core.package_identification:_identify(.) by extension 'ignore'
[1.739s] Level 1:colcon.colcon_core.package_identification:_identify(.) by extension 'ignore_ament_install'
[1.739s] Level 1:colcon.colcon_core.package_identification:_identify(.) by extensions ['colcon_pkg']
[1.739s] Level 1:colcon.colcon_core.package_identification:_identify(.) by extension 'colcon_pkg'
[1.739s] Level 1:colcon.colcon_core.package_identification:_identify(.) by extensions ['colcon_meta']
[1.739s] Level 1:colcon.colcon_core.package_identification:_identify(.) by extension 'colcon_meta'
[1.739s] Level 1:colcon.colcon_core.package_identification:_identify(.) by extensions ['ros']
[1.739s] Level 1:colcon.colcon_core.package_identification:_identify(.) by extension 'ros'
[1.753s] Level 1:colcon.colcon_core.package_identification:_identify(.) by extensions ['cmake', 'python']
[1.753s] Level 1:colcon.colcon_core.package_identification:_identify(.) by extension 'cmake'
[1.753s] Level 1:colcon.colcon_core.package_identification:_identify(.) by extension 'python'
[1.753s] Level 1:colcon.colcon_core.package_identification:_identify(.) by extensions ['python_setup_py']
[1.753s] Level 1:colcon.colcon_core.package_identification:_identify(.) by extension 'python_setup_py'
[1.754s] Level 1:colcon.colcon_core.package_identification:_identify(build) by extensions ['ignore', 'ignore_ament_install']
[1.754s] Level 1:colcon.colcon_core.package_identification:_identify(build) by extension 'ignore'
[1.754s] Level 1:colcon.colcon_core.package_identification:_identify(build) ignored
[1.754s] Level 1:colcon.colcon_core.package_identification:_identify(install) by extensions ['ignore', 'ignore_ament_install']
[1.754s] Level 1:colcon.colcon_core.package_identification:_identify(install) by extension 'ignore'
[1.754s] Level 1:colcon.colcon_core.package_identification:_identify(install) ignored
[1.754s] Level 1:colcon.colcon_core.package_identification:_identify(log) by extensions ['ignore', 'ignore_ament_install']
[1.754s] Level 1:colcon.colcon_core.package_identification:_identify(log) by extension 'ignore'
[1.754s] Level 1:colcon.colcon_core.package_identification:_identify(log) ignored
[1.755s] Level 1:colcon.colcon_core.package_identification:_identify(src) by extensions ['ignore', 'ignore_ament_install']
[1.755s] Level 1:colcon.colcon_core.package_identification:_identify(src) by extension 'ignore'
[1.755s] Level 1:colcon.colcon_core.package_identification:_identify(src) by extension 'ignore_ament_install'
[1.755s] Level 1:colcon.colcon_core.package_identification:_identify(src) by extensions ['colcon_pkg']
[1.755s] Level 1:colcon.colcon_core.package_identification:_identify(src) by extension 'colcon_pkg'
[1.755s] Level 1:colcon.colcon_core.package_identification:_identify(src) by extensions ['colcon_meta']
[1.755s] Level 1:colcon.colcon_core.package_identification:_identify(src) by extension 'colcon_meta'
[1.755s] Level 1:colcon.colcon_core.package_identification:_identify(src) by extensions ['ros']
[1.755s] Level 1:colcon.colcon_core.package_identification:_identify(src) by extension 'ros'
[1.755s] Level 1:colcon.colcon_core.package_identification:_identify(src) by extensions ['cmake', 'python']
[1.755s] Level 1:colcon.colcon_core.package_identification:_identify(src) by extension 'cmake'
[1.755s] Level 1:colcon.colcon_core.package_identification:_identify(src) by extension 'python'
[1.755s] Level 1:colcon.colcon_core.package_identification:_identify(src) by extensions ['python_setup_py']
[1.755s] Level 1:colcon.colcon_core.package_identification:_identify(src) by extension 'python_setup_py'
[1.755s] Level 1:colcon.colcon_core.package_identification:_identify(src/my_car_ws) by extensions ['ignore', 'ignore_ament_install']
[1.755s] Level 1:colcon.colcon_core.package_identification:_identify(src/my_car_ws) by extension 'ignore'
[1.755s] Level 1:colcon.colcon_core.package_identification:_identify(src/my_car_ws) by extension 'ignore_ament_install'
[1.756s] Level 1:colcon.colcon_core.package_identification:_identify(src/my_car_ws) by extensions ['colcon_pkg']
[1.756s] Level 1:colcon.colcon_core.package_identification:_identify(src/my_car_ws) by extension 'colcon_pkg'
[1.756s] Level 1:colcon.colcon_core.package_identification:_identify(src/my_car_ws) by extensions ['colcon_meta']
[1.756s] Level 1:colcon.colcon_core.package_identification:_identify(src/my_car_ws) by extension 'colcon_meta'
[1.756s] Level 1:colcon.colcon_core.package_identification:_identify(src/my_car_ws) by extensions ['ros']
[1.756s] Level 1:colcon.colcon_core.package_identification:_identify(src/my_car_ws) by extension 'ros'
[1.759s] DEBUG:colcon.colcon_core.package_identification:Package 'src/my_car_ws' with type 'ros.ament_cmake' and name 'my_car_ws'
[1.759s] Level 1:colcon.colcon_core.package_discovery:discover_packages(recursive) using defaults
[1.759s] Level 1:colcon.colcon_core.package_discovery:discover_packages(ignore) discover
[1.759s] Level 1:colcon.colcon_core.package_discovery:discover_packages(ignore) using defaults
[1.759s] Level 1:colcon.colcon_core.package_discovery:discover_packages(path) discover
[1.759s] Level 1:colcon.colcon_core.package_discovery:discover_packages(path) using defaults
[1.850s] Level 1:colcon.colcon_core.package_discovery:discover_packages(prefix_path) check parameters
[1.850s] Level 1:colcon.colcon_core.package_discovery:discover_packages(prefix_path) discover
[2.081s] DEBUG:colcon.colcon_installed_package_information.package_discovery:Found 1 installed packages in /home/youssef/GP_Project/install
[2.083s] DEBUG:colcon.colcon_installed_package_information.package_discovery:Found 278 installed packages in /opt/ros/humble
[2.085s] Level 1:colcon.colcon_core.package_discovery:discover_packages(prefix_path) using defaults
[3.535s] Level 5:colcon.colcon_core.verb:set package 'my_car_ws' build argument 'cmake_args' from command line to 'None'
[3.535s] Level 5:colcon.colcon_core.verb:set package 'my_car_ws' build argument 'cmake_target' from command line to 'None'
[3.535s] Level 5:colcon.colcon_core.verb:set package 'my_car_ws' build argument 'cmake_target_skip_unavailable' from command line to 'False'
[3.535s] Level 5:colcon.colcon_core.verb:set package 'my_car_ws' build argument 'cmake_clean_cache' from command line to 'False'
[3.535s] Level 5:colcon.colcon_core.verb:set package 'my_car_ws' build argument 'cmake_clean_first' from command line to 'False'
[3.535s] Level 5:colcon.colcon_core.verb:set package 'my_car_ws' build argument 'cmake_force_configure' from command line to 'False'
[3.535s] Level 5:colcon.colcon_core.verb:set package 'my_car_ws' build argument 'ament_cmake_args' from command line to 'None'
[3.535s] Level 5:colcon.colcon_core.verb:set package 'my_car_ws' build argument 'catkin_cmake_args' from command line to 'None'
[3.535s] Level 5:colcon.colcon_core.verb:set package 'my_car_ws' build argument 'catkin_skip_building_tests' from command line to 'False'
[3.535s] DEBUG:colcon.colcon_core.verb:Building package 'my_car_ws' with the following arguments: {'ament_cmake_args': None, 'build_base': '/home/youssef/GP_Project/build/my_car_ws', 'catkin_cmake_args': None, 'catkin_skip_building_tests': False, 'cmake_args': None, 'cmake_clean_cache': False, 'cmake_clean_first': False, 'cmake_force_configure': False, 'cmake_target': None, 'cmake_target_skip_unavailable': False, 'install_base': '/home/youssef/GP_Project/install/my_car_ws', 'merge_install': False, 'path': '/home/youssef/GP_Project/src/my_car_ws', 'symlink_install': True, 'test_result_base': None}
[3.535s] INFO:colcon.colcon_core.executor:Executing jobs using 'parallel' executor
[3.536s] DEBUG:colcon.colcon_parallel_executor.executor.parallel:run_until_complete
[3.537s] INFO:colcon.colcon_ros.task.ament_cmake.build:Building ROS package in '/home/youssef/GP_Project/src/my_car_ws' with build type 'ament_cmake'
[3.537s] INFO:colcon.colcon_cmake.task.cmake.build:Building CMake package in '/home/youssef/GP_Project/src/my_car_ws'
[3.785s] INFO:colcon.colcon_core.plugin_system:Skipping extension 'colcon_core.shell.bat': Not used on non-Windows systems
[3.785s] INFO:colcon.colcon_core.shell:Skip shell extension 'powershell' for command environment: Not usable outside of PowerShell
[3.785s] DEBUG:colcon.colcon_core.shell:Skip shell extension 'dsv' for command environment
[4.015s] DEBUG:colcon.colcon_core.event_handler.log_command:Invoking command in '/home/youssef/GP_Project/build/my_car_ws': CMAKE_PREFIX_PATH=${CMAKE_PREFIX_PATH}:/opt/ros/humble /usr/bin/cmake /home/youssef/GP_Project/src/my_car_ws -DAMENT_CMAKE_SYMLINK_INSTALL=1 -DCMAKE_INSTALL_PREFIX=/home/youssef/GP_Project/install/my_car_ws
[30.835s] DEBUG:colcon.colcon_core.event_handler.log_command:Invoked command in '/home/youssef/GP_Project/build/my_car_ws' returned '0': CMAKE_PREFIX_PATH=${CMAKE_PREFIX_PATH}:/opt/ros/humble /usr/bin/cmake /home/youssef/GP_Project/src/my_car_ws -DAMENT_CMAKE_SYMLINK_INSTALL=1 -DCMAKE_INSTALL_PREFIX=/home/youssef/GP_Project/install/my_car_ws
[30.841s] DEBUG:colcon.colcon_core.event_handler.log_command:Invoking command in '/home/youssef/GP_Project/build/my_car_ws': CMAKE_PREFIX_PATH=${CMAKE_PREFIX_PATH}:/opt/ros/humble /usr/bin/cmake --build /home/youssef/GP_Project/build/my_car_ws -- -j8 -l8
[31.969s] DEBUG:colcon.colcon_core.event_handler.log_command:Invoked command in '/home/youssef/GP_Project/build/my_car_ws' returned '0': CMAKE_PREFIX_PATH=${CMAKE_PREFIX_PATH}:/opt/ros/humble /usr/bin/cmake --build /home/youssef/GP_Project/build/my_car_ws -- -j8 -l8
[31.984s] DEBUG:colcon.colcon_core.event_handler.log_command:Invoking command in '/home/youssef/GP_Project/build/my_car_ws': CMAKE_PREFIX_PATH=${CMAKE_PREFIX_PATH}:/opt/ros/humble /usr/bin/cmake --install /home/youssef/GP_Project/build/my_car_ws
[32.542s] Level 1:colcon.colcon_core.environment:create_environment_scripts_only(my_car_ws)
[32.543s] DEBUG:colcon.colcon_core.event_handler.log_command:Invoked command in '/home/youssef/GP_Project/build/my_car_ws' returned '0': CMAKE_PREFIX_PATH=${CMAKE_PREFIX_PATH}:/opt/ros/humble /usr/bin/cmake --install /home/youssef/GP_Project/build/my_car_ws
[33.695s] Level 1:colcon.colcon_core.environment:checking '/home/youssef/GP_Project/install/my_car_ws' for CMake module files
[33.698s] Level 1:colcon.colcon_core.environment:checking '/home/youssef/GP_Project/install/my_car_ws' for CMake config files
[33.801s] Level 1:colcon.colcon_core.shell:create_environment_hook('my_car_ws', 'cmake_prefix_path')
[33.803s] INFO:colcon.colcon_core.shell:Creating environment hook '/home/youssef/GP_Project/install/my_car_ws/share/my_car_ws/hook/cmake_prefix_path.ps1'
[33.967s] INFO:colcon.colcon_core.shell:Creating environment descriptor '/home/youssef/GP_Project/install/my_car_ws/share/my_car_ws/hook/cmake_prefix_path.dsv'
[34.158s] INFO:colcon.colcon_core.shell:Creating environment hook '/home/youssef/GP_Project/install/my_car_ws/share/my_car_ws/hook/cmake_prefix_path.sh'
[34.460s] Level 1:colcon.colcon_core.environment:checking '/home/youssef/GP_Project/install/my_car_ws/bin'
[34.460s] Level 1:colcon.colcon_core.environment:checking '/home/youssef/GP_Project/install/my_car_ws/lib/pkgconfig/my_car_ws.pc'
[34.461s] Level 1:colcon.colcon_core.environment:checking '/home/youssef/GP_Project/install/my_car_ws/lib/python3.10/site-packages'
[34.462s] Level 1:colcon.colcon_core.environment:checking '/home/youssef/GP_Project/install/my_car_ws/bin'
[34.463s] INFO:colcon.colcon_core.shell:Creating package script '/home/youssef/GP_Project/install/my_car_ws/share/my_car_ws/package.ps1'
[34.603s] INFO:colcon.colcon_core.shell:Creating package descriptor '/home/youssef/GP_Project/install/my_car_ws/share/my_car_ws/package.dsv'
[34.621s] INFO:colcon.colcon_core.shell:Creating package script '/home/youssef/GP_Project/install/my_car_ws/share/my_car_ws/package.sh'
[34.656s] INFO:colcon.colcon_core.shell:Creating package script '/home/youssef/GP_Project/install/my_car_ws/share/my_car_ws/package.bash'
[34.713s] INFO:colcon.colcon_core.shell:Creating package script '/home/youssef/GP_Project/install/my_car_ws/share/my_car_ws/package.zsh'
[34.880s] Level 1:colcon.colcon_core.environment:create_file_with_runtime_dependencies(/home/youssef/GP_Project/install/my_car_ws/share/colcon-core/packages/my_car_ws)
[34.899s] Level 1:colcon.colcon_core.environment:create_environment_scripts_only(my_car_ws)
[34.900s] Level 1:colcon.colcon_core.environment:checking '/home/youssef/GP_Project/install/my_car_ws' for CMake module files
[34.904s] Level 1:colcon.colcon_core.environment:checking '/home/youssef/GP_Project/install/my_car_ws' for CMake config files
[34.906s] Level 1:colcon.colcon_core.shell:create_environment_hook('my_car_ws', 'cmake_prefix_path')
[34.907s] INFO:colcon.colcon_core.shell:Creating environment hook '/home/youssef/GP_Project/install/my_car_ws/share/my_car_ws/hook/cmake_prefix_path.ps1'
[34.909s] INFO:colcon.colcon_core.shell:Creating environment descriptor '/home/youssef/GP_Project/install/my_car_ws/share/my_car_ws/hook/cmake_prefix_path.dsv'
[34.910s] INFO:colcon.colcon_core.shell:Creating environment hook '/home/youssef/GP_Project/install/my_car_ws/share/my_car_ws/hook/cmake_prefix_path.sh'
[34.912s] Level 1:colcon.colcon_core.environment:checking '/home/youssef/GP_Project/install/my_car_ws/bin'
[34.912s] Level 1:colcon.colcon_core.environment:checking '/home/youssef/GP_Project/install/my_car_ws/lib/pkgconfig/my_car_ws.pc'
[34.913s] Level 1:colcon.colcon_core.environment:checking '/home/youssef/GP_Project/install/my_car_ws/lib/python3.10/site-packages'
[34.914s] Level 1:colcon.colcon_core.environment:checking '/home/youssef/GP_Project/install/my_car_ws/bin'
[34.915s] INFO:colcon.colcon_core.shell:Creating package script '/home/youssef/GP_Project/install/my_car_ws/share/my_car_ws/package.ps1'
[34.945s] INFO:colcon.colcon_core.shell:Creating package descriptor '/home/youssef/GP_Project/install/my_car_ws/share/my_car_ws/package.dsv'
[34.984s] INFO:colcon.colcon_core.shell:Creating package script '/home/youssef/GP_Project/install/my_car_ws/share/my_car_ws/package.sh'
[35.000s] INFO:colcon.colcon_core.shell:Creating package script '/home/youssef/GP_Project/install/my_car_ws/share/my_car_ws/package.bash'
[35.018s] INFO:colcon.colcon_core.shell:Creating package script '/home/youssef/GP_Project/install/my_car_ws/share/my_car_ws/package.zsh'
[35.035s] Level 1:colcon.colcon_core.environment:create_file_with_runtime_dependencies(/home/youssef/GP_Project/install/my_car_ws/share/colcon-core/packages/my_car_ws)
[35.053s] DEBUG:colcon.colcon_parallel_executor.executor.parallel:closing loop
[35.054s] DEBUG:colcon.colcon_parallel_executor.executor.parallel:loop closed
[35.054s] DEBUG:colcon.colcon_parallel_executor.executor.parallel:run_until_complete finished with '0'
[35.054s] DEBUG:colcon.colcon_core.event_reactor:joining thread
[35.165s] INFO:colcon.colcon_core.plugin_system:Skipping extension 'colcon_notification.desktop_notification.terminal_notifier': Not used on non-Darwin systems
[35.165s] INFO:colcon.colcon_core.plugin_system:Skipping extension 'colcon_notification.desktop_notification.win32': Not used on non-Windows systems
[35.166s] INFO:colcon.colcon_notification.desktop_notification:Sending desktop notification using 'notify2'
[35.212s] DEBUG:colcon.colcon_core.event_reactor:joined thread
[35.213s] INFO:colcon.colcon_core.shell:Creating prefix script '/home/youssef/GP_Project/install/local_setup.ps1'
[35.255s] INFO:colcon.colcon_core.shell:Creating prefix util module '/home/youssef/GP_Project/install/_local_setup_util_ps1.py'
[35.474s] INFO:colcon.colcon_core.shell:Creating prefix chain script '/home/youssef/GP_Project/install/setup.ps1'
[35.825s] INFO:colcon.colcon_core.shell:Creating prefix script '/home/youssef/GP_Project/install/local_setup.sh'
[35.867s] INFO:colcon.colcon_core.shell:Creating prefix util module '/home/youssef/GP_Project/install/_local_setup_util_sh.py'
[35.915s] INFO:colcon.colcon_core.shell:Creating prefix chain script '/home/youssef/GP_Project/install/setup.sh'
[36.088s] INFO:colcon.colcon_core.shell:Creating prefix script '/home/youssef/GP_Project/install/local_setup.bash'
[36.144s] INFO:colcon.colcon_core.shell:Creating prefix chain script '/home/youssef/GP_Project/install/setup.bash'
[36.147s] INFO:colcon.colcon_core.shell:Creating prefix script '/home/youssef/GP_Project/install/local_setup.zsh'
[36.184s] INFO:colcon.colcon_core.shell:Creating prefix chain script '/home/youssef/GP_Project/install/setup.zsh'
