[0.015s] Invoking command in '/home/youssef/GP_Project/build/my_car_ws': CMAKE_PREFIX_PATH=/opt/ros/humble /usr/bin/cmake /home/youssef/GP_Project/src/my_car_ws -DCMAKE_INSTALL_PREFIX=/home/youssef/GP_Project/install/my_car_ws
[2.607s] -- The C compiler identification is GNU 11.4.0
[3.861s] -- The CXX compiler identification is GNU 11.4.0
[3.874s] -- Detecting C compiler ABI info
[4.141s] -- Detecting C compiler ABI info - done
[4.150s] -- Check for working C compiler: /usr/bin/cc - skipped
[4.150s] -- Detecting C compile features
[4.193s] -- Detecting C compile features - done
[4.201s] -- Detecting CXX compiler ABI info
[4.400s] -- Detecting CXX compiler ABI info - done
[4.407s] -- Check for working CXX compiler: /usr/bin/c++ - skipped
[4.407s] -- Detecting CXX compile features
[4.408s] -- Detecting CXX compile features - done
[4.555s] -- Found ament_cmake: 1.3.11 (/opt/ros/humble/share/ament_cmake/cmake)
[5.013s] -- Found Python3: /usr/bin/python3 (found version "3.10.12") found components: Interpreter 
[5.462s] -- Found rclcpp: 16.0.12 (/opt/ros/humble/share/rclcpp/cmake)
[5.910s] -- Found rosidl_generator_c: 3.1.6 (/opt/ros/humble/share/rosidl_generator_c/cmake)
[5.979s] -- Found rosidl_adapter: 3.1.6 (/opt/ros/humble/share/rosidl_adapter/cmake)
[6.047s] -- Found rosidl_generator_cpp: 3.1.6 (/opt/ros/humble/share/rosidl_generator_cpp/cmake)
[6.064s] -- Using all available rosidl_typesupport_c: rosidl_typesupport_fastrtps_c;rosidl_typesupport_introspection_c
[6.106s] -- Using all available rosidl_typesupport_cpp: rosidl_typesupport_fastrtps_cpp;rosidl_typesupport_introspection_cpp
[6.444s] -- Found rmw_implementation_cmake: 6.1.2 (/opt/ros/humble/share/rmw_implementation_cmake/cmake)
[6.475s] -- Found rmw_fastrtps_cpp: 6.2.7 (/opt/ros/humble/share/rmw_fastrtps_cpp/cmake)
[6.782s] -- Found OpenSSL: /usr/lib/x86_64-linux-gnu/libcrypto.so (found version "3.0.2")  
[6.822s] -- Found FastRTPS: /opt/ros/humble/include  
[6.856s] -- Using RMW implementation 'rmw_fastrtps_cpp' as default
[6.938s] -- Looking for pthread.h
[7.190s] -- Looking for pthread.h - found
[7.190s] -- Performing Test CMAKE_HAVE_LIBC_PTHREAD
[7.270s] -- Performing Test CMAKE_HAVE_LIBC_PTHREAD - Success
[7.271s] -- Found Threads: TRUE  
[7.511s] -- Found ament_lint_auto: 0.12.12 (/opt/ros/humble/share/ament_lint_auto/cmake)
[7.727s] -- Added test 'lint_cmake' to check CMake code style
[7.729s] -- Added test 'xmllint' to check XML markup files
[7.763s] -- Configuring done
[7.767s] -- Generating done
[7.769s] -- Build files have been written to: /home/youssef/GP_Project/build/my_car_ws
[7.777s] Invoked command in '/home/youssef/GP_Project/build/my_car_ws' returned '0': CMAKE_PREFIX_PATH=/opt/ros/humble /usr/bin/cmake /home/youssef/GP_Project/src/my_car_ws -DCMAKE_INSTALL_PREFIX=/home/youssef/GP_Project/install/my_car_ws
[7.779s] Invoking command in '/home/youssef/GP_Project/build/my_car_ws': CMAKE_PREFIX_PATH=/opt/ros/humble /usr/bin/cmake --build /home/youssef/GP_Project/build/my_car_ws -- -j8 -l8
[7.812s] Invoked command in '/home/youssef/GP_Project/build/my_car_ws' returned '0': CMAKE_PREFIX_PATH=/opt/ros/humble /usr/bin/cmake --build /home/youssef/GP_Project/build/my_car_ws -- -j8 -l8
[7.820s] Invoking command in '/home/youssef/GP_Project/build/my_car_ws': CMAKE_PREFIX_PATH=/opt/ros/humble /usr/bin/cmake --install /home/youssef/GP_Project/build/my_car_ws
[7.825s] -- Install configuration: ""
[7.826s] -- Installing: /home/youssef/GP_Project/install/my_car_ws/share/ament_index/resource_index/package_run_dependencies/my_car_ws
[7.826s] -- Installing: /home/youssef/GP_Project/install/my_car_ws/share/ament_index/resource_index/parent_prefix_path/my_car_ws
[7.826s] -- Installing: /home/youssef/GP_Project/install/my_car_ws/share/my_car_ws/environment/ament_prefix_path.sh
[7.826s] -- Installing: /home/youssef/GP_Project/install/my_car_ws/share/my_car_ws/environment/ament_prefix_path.dsv
[7.826s] -- Installing: /home/youssef/GP_Project/install/my_car_ws/share/my_car_ws/environment/path.sh
[7.826s] -- Installing: /home/youssef/GP_Project/install/my_car_ws/share/my_car_ws/environment/path.dsv
[7.826s] -- Installing: /home/youssef/GP_Project/install/my_car_ws/share/my_car_ws/local_setup.bash
[7.826s] -- Installing: /home/youssef/GP_Project/install/my_car_ws/share/my_car_ws/local_setup.sh
[7.827s] -- Installing: /home/youssef/GP_Project/install/my_car_ws/share/my_car_ws/local_setup.zsh
[7.827s] -- Installing: /home/youssef/GP_Project/install/my_car_ws/share/my_car_ws/local_setup.dsv
[7.827s] -- Installing: /home/youssef/GP_Project/install/my_car_ws/share/my_car_ws/package.dsv
[7.827s] -- Installing: /home/youssef/GP_Project/install/my_car_ws/share/ament_index/resource_index/packages/my_car_ws
[7.827s] -- Installing: /home/youssef/GP_Project/install/my_car_ws/share/my_car_ws/cmake/my_car_wsConfig.cmake
[7.827s] -- Installing: /home/youssef/GP_Project/install/my_car_ws/share/my_car_ws/cmake/my_car_wsConfig-version.cmake
[7.827s] -- Installing: /home/youssef/GP_Project/install/my_car_ws/share/my_car_ws/package.xml
[7.829s] Invoked command in '/home/youssef/GP_Project/build/my_car_ws' returned '0': CMAKE_PREFIX_PATH=/opt/ros/humble /usr/bin/cmake --install /home/youssef/GP_Project/build/my_car_ws
