[0.566s] Invoking command in '/home/youssef/GP_Project/src/pyserial_connection': PYTHONPATH=/home/youssef/GP_Project/build/pyserial_connection/prefix_override:/usr/lib/python3/dist-packages/colcon_core/task/python/colcon_distutils_commands:/home/youssef/GP_Project/install/pyserial_connection/lib/python3.10/site-packages:${PYTHONPATH} /usr/bin/python3 -W ignore:setup.py install is deprecated -W ignore:easy_install command is deprecated setup.py egg_info --egg-base ../../build/pyserial_connection build --build-base /home/youssef/GP_Project/build/pyserial_connection/build install --record /home/youssef/GP_Project/build/pyserial_connection/install.log --single-version-externally-managed install_data
[0.788s] running egg_info
[0.788s] writing ../../build/pyserial_connection/pyserial_connection.egg-info/PKG-INFO
[0.788s] writing dependency_links to ../../build/pyserial_connection/pyserial_connection.egg-info/dependency_links.txt
[0.789s] writing entry points to ../../build/pyserial_connection/pyserial_connection.egg-info/entry_points.txt
[0.789s] writing requirements to ../../build/pyserial_connection/pyserial_connection.egg-info/requires.txt
[0.789s] writing top-level names to ../../build/pyserial_connection/pyserial_connection.egg-info/top_level.txt
[0.790s] reading manifest file '../../build/pyserial_connection/pyserial_connection.egg-info/SOURCES.txt'
[0.791s] writing manifest file '../../build/pyserial_connection/pyserial_connection.egg-info/SOURCES.txt'
[0.791s] running build
[0.791s] running build_py
[0.792s] copying pyserial_connection/motor_controller.py -> /home/youssef/GP_Project/build/pyserial_connection/build/lib/pyserial_connection
[0.792s] running install
[0.792s] running install_lib
[0.793s] copying /home/youssef/GP_Project/build/pyserial_connection/build/lib/pyserial_connection/motor_controller.py -> /home/youssef/GP_Project/install/pyserial_connection/lib/python3.10/site-packages/pyserial_connection
[0.794s] byte-compiling /home/youssef/GP_Project/install/pyserial_connection/lib/python3.10/site-packages/pyserial_connection/motor_controller.py to motor_controller.cpython-310.pyc
[0.794s] running install_data
[0.794s] running install_egg_info
[0.796s] removing '/home/youssef/GP_Project/install/pyserial_connection/lib/python3.10/site-packages/pyserial_connection-0.0.0-py3.10.egg-info' (and everything under it)
[0.796s] Copying ../../build/pyserial_connection/pyserial_connection.egg-info to /home/youssef/GP_Project/install/pyserial_connection/lib/python3.10/site-packages/pyserial_connection-0.0.0-py3.10.egg-info
[0.797s] running install_scripts
[0.815s] Installing motor_controller script to /home/youssef/GP_Project/install/pyserial_connection/lib/pyserial_connection
[0.815s] Installing motor_receiver script to /home/youssef/GP_Project/install/pyserial_connection/lib/pyserial_connection
[0.815s] writing list of installed files to '/home/youssef/GP_Project/build/pyserial_connection/install.log'
[0.838s] Invoked command in '/home/youssef/GP_Project/src/pyserial_connection' returned '0': PYTHONPATH=/home/youssef/GP_Project/build/pyserial_connection/prefix_override:/usr/lib/python3/dist-packages/colcon_core/task/python/colcon_distutils_commands:/home/youssef/GP_Project/install/pyserial_connection/lib/python3.10/site-packages:${PYTHONPATH} /usr/bin/python3 -W ignore:setup.py install is deprecated -W ignore:easy_install command is deprecated setup.py egg_info --egg-base ../../build/pyserial_connection build --build-base /home/youssef/GP_Project/build/pyserial_connection/build install --record /home/youssef/GP_Project/build/pyserial_connection/install.log --single-version-externally-managed install_data
