[0.198s] DEBUG:colcon:Command line arguments: ['/usr/bin/colcon', 'list', '-p', '--base-paths', '/home/youssef/GP_Project']
[0.199s] DEBUG:colcon:Parsed command line arguments: Namespace(log_base=None, log_level=None, verb_name='list', build_base='build', ignore_user_meta=False, metas=['./colcon.meta'], base_paths=['/home/youssef/GP_Project'], packages_ignore=None, packages_ignore_regex=None, paths=None, packages_up_to=None, packages_up_to_regex=None, packages_above=None, packages_above_and_dependencies=None, packages_above_depth=None, packages_select_by_dep=None, packages_skip_by_dep=None, packages_skip_up_to=None, packages_select_build_failed=False, packages_skip_build_finished=False, packages_select_test_failures=False, packages_skip_test_passed=False, packages_select=None, packages_skip=None, packages_select_regex=None, packages_skip_regex=None, packages_start=None, packages_end=None, allow_overriding=[], topological_order=False, names_only=False, paths_only=True, topological_graph=False, topological_graph_dot=False, topological_graph_density=False, topological_graph_legend=False, topological_graph_dot_cluster=False, topological_graph_dot_include_skipped=False, mixin_files=None, mixin=None, verb_parser=<colcon_mixin.mixin.mixin_argument.MixinArgumentDecorator object at 0x7413e9f62410>, verb_extension=<colcon_package_information.verb.list.ListVerb object at 0x7413e9f61480>, main=<bound method ListVerb.main of <colcon_package_information.verb.list.ListVerb object at 0x7413e9f61480>>, mixin_verb=('list',))
[0.502s] Level 1:colcon.colcon_core.package_discovery:discover_packages(colcon_meta) check parameters
[0.502s] Level 1:colcon.colcon_core.package_discovery:discover_packages(recursive) check parameters
[0.502s] Level 1:colcon.colcon_core.package_discovery:discover_packages(ignore) check parameters
[0.502s] Level 1:colcon.colcon_core.package_discovery:discover_packages(path) check parameters
[0.502s] Level 1:colcon.colcon_core.package_discovery:discover_packages(recursive) discover
[0.503s] INFO:colcon.colcon_core.package_discovery:Crawling recursively for packages in '/home/youssef/GP_Project'
[0.503s] Level 1:colcon.colcon_core.package_identification:_identify(/home/youssef/GP_Project) by extensions ['ignore', 'ignore_ament_install']
[0.503s] Level 1:colcon.colcon_core.package_identification:_identify(/home/youssef/GP_Project) by extension 'ignore'
[0.503s] Level 1:colcon.colcon_core.package_identification:_identify(/home/youssef/GP_Project) by extension 'ignore_ament_install'
[0.503s] Level 1:colcon.colcon_core.package_identification:_identify(/home/youssef/GP_Project) by extensions ['colcon_pkg']
[0.503s] Level 1:colcon.colcon_core.package_identification:_identify(/home/youssef/GP_Project) by extension 'colcon_pkg'
[0.503s] Level 1:colcon.colcon_core.package_identification:_identify(/home/youssef/GP_Project) by extensions ['colcon_meta']
[0.503s] Level 1:colcon.colcon_core.package_identification:_identify(/home/youssef/GP_Project) by extension 'colcon_meta'
[0.504s] Level 1:colcon.colcon_core.package_identification:_identify(/home/youssef/GP_Project) by extensions ['ros']
[0.504s] Level 1:colcon.colcon_core.package_identification:_identify(/home/youssef/GP_Project) by extension 'ros'
[0.533s] Level 1:colcon.colcon_core.package_identification:_identify(/home/youssef/GP_Project) by extensions ['cmake', 'python']
[0.533s] Level 1:colcon.colcon_core.package_identification:_identify(/home/youssef/GP_Project) by extension 'cmake'
[0.533s] Level 1:colcon.colcon_core.package_identification:_identify(/home/youssef/GP_Project) by extension 'python'
[0.533s] Level 1:colcon.colcon_core.package_identification:_identify(/home/youssef/GP_Project) by extensions ['python_setup_py']
[0.533s] Level 1:colcon.colcon_core.package_identification:_identify(/home/youssef/GP_Project) by extension 'python_setup_py'
[0.585s] Level 1:colcon.colcon_core.package_identification:_identify(/home/youssef/GP_Project/build) by extensions ['ignore', 'ignore_ament_install']
[0.585s] Level 1:colcon.colcon_core.package_identification:_identify(/home/youssef/GP_Project/build) by extension 'ignore'
[0.586s] Level 1:colcon.colcon_core.package_identification:_identify(/home/youssef/GP_Project/build) ignored
[0.586s] Level 1:colcon.colcon_core.package_identification:_identify(/home/youssef/GP_Project/install) by extensions ['ignore', 'ignore_ament_install']
[0.587s] Level 1:colcon.colcon_core.package_identification:_identify(/home/youssef/GP_Project/install) by extension 'ignore'
[0.588s] Level 1:colcon.colcon_core.package_identification:_identify(/home/youssef/GP_Project/install) ignored
[0.589s] Level 1:colcon.colcon_core.package_identification:_identify(/home/youssef/GP_Project/log) by extensions ['ignore', 'ignore_ament_install']
[0.590s] Level 1:colcon.colcon_core.package_identification:_identify(/home/youssef/GP_Project/log) by extension 'ignore'
[0.591s] Level 1:colcon.colcon_core.package_identification:_identify(/home/youssef/GP_Project/log) ignored
[0.592s] Level 1:colcon.colcon_core.package_identification:_identify(/home/youssef/GP_Project/src) by extensions ['ignore', 'ignore_ament_install']
[0.592s] Level 1:colcon.colcon_core.package_identification:_identify(/home/youssef/GP_Project/src) by extension 'ignore'
[0.593s] Level 1:colcon.colcon_core.package_identification:_identify(/home/youssef/GP_Project/src) by extension 'ignore_ament_install'
[0.593s] Level 1:colcon.colcon_core.package_identification:_identify(/home/youssef/GP_Project/src) by extensions ['colcon_pkg']
[0.593s] Level 1:colcon.colcon_core.package_identification:_identify(/home/youssef/GP_Project/src) by extension 'colcon_pkg'
[0.593s] Level 1:colcon.colcon_core.package_identification:_identify(/home/youssef/GP_Project/src) by extensions ['colcon_meta']
[0.593s] Level 1:colcon.colcon_core.package_identification:_identify(/home/youssef/GP_Project/src) by extension 'colcon_meta'
[0.593s] Level 1:colcon.colcon_core.package_identification:_identify(/home/youssef/GP_Project/src) by extensions ['ros']
[0.593s] Level 1:colcon.colcon_core.package_identification:_identify(/home/youssef/GP_Project/src) by extension 'ros'
[0.593s] Level 1:colcon.colcon_core.package_identification:_identify(/home/youssef/GP_Project/src) by extensions ['cmake', 'python']
[0.593s] Level 1:colcon.colcon_core.package_identification:_identify(/home/youssef/GP_Project/src) by extension 'cmake'
[0.593s] Level 1:colcon.colcon_core.package_identification:_identify(/home/youssef/GP_Project/src) by extension 'python'
[0.593s] Level 1:colcon.colcon_core.package_identification:_identify(/home/youssef/GP_Project/src) by extensions ['python_setup_py']
[0.593s] Level 1:colcon.colcon_core.package_identification:_identify(/home/youssef/GP_Project/src) by extension 'python_setup_py'
[0.594s] Level 1:colcon.colcon_core.package_identification:_identify(/home/youssef/GP_Project/src/my_car_ws) by extensions ['ignore', 'ignore_ament_install']
[0.594s] Level 1:colcon.colcon_core.package_identification:_identify(/home/youssef/GP_Project/src/my_car_ws) by extension 'ignore'
[0.594s] Level 1:colcon.colcon_core.package_identification:_identify(/home/youssef/GP_Project/src/my_car_ws) by extension 'ignore_ament_install'
[0.594s] Level 1:colcon.colcon_core.package_identification:_identify(/home/youssef/GP_Project/src/my_car_ws) by extensions ['colcon_pkg']
[0.594s] Level 1:colcon.colcon_core.package_identification:_identify(/home/youssef/GP_Project/src/my_car_ws) by extension 'colcon_pkg'
[0.594s] Level 1:colcon.colcon_core.package_identification:_identify(/home/youssef/GP_Project/src/my_car_ws) by extensions ['colcon_meta']
[0.594s] Level 1:colcon.colcon_core.package_identification:_identify(/home/youssef/GP_Project/src/my_car_ws) by extension 'colcon_meta'
[0.594s] Level 1:colcon.colcon_core.package_identification:_identify(/home/youssef/GP_Project/src/my_car_ws) by extensions ['ros']
[0.594s] Level 1:colcon.colcon_core.package_identification:_identify(/home/youssef/GP_Project/src/my_car_ws) by extension 'ros'
[0.598s] DEBUG:colcon.colcon_core.package_identification:Package '/home/youssef/GP_Project/src/my_car_ws' with type 'ros.ament_cmake' and name 'my_car_ws'
[0.598s] Level 1:colcon.colcon_core.package_discovery:discover_packages(recursive) using defaults
